[2.004s] Invoking command in '/home/tel/robot_ros/src/TEL': PYTHONPATH=/home/tel/robot_ros/build/TEL/prefix_override:/home/tel/robot_ros/install/TEL/lib/python3.10/site-packages: /usr/bin/python3 setup.py egg_info --egg-base ../../build/TEL build --build-base /home/tel/robot_ros/build/TEL/build install --record /home/tel/robot_ros/build/TEL/install.log --single-version-externally-managed
[2.651s] running egg_info
[2.653s] writing ../../build/TEL/TEL.egg-info/PKG-INFO
[2.654s] writing dependency_links to ../../build/TEL/TEL.egg-info/dependency_links.txt
[2.655s] writing entry points to ../../build/TEL/TEL.egg-info/entry_points.txt
[2.656s] writing requirements to ../../build/TEL/TEL.egg-info/requires.txt
[2.656s] writing top-level names to ../../build/TEL/TEL.egg-info/top_level.txt
[2.664s] reading manifest file '../../build/TEL/TEL.egg-info/SOURCES.txt'
[2.668s] writing manifest file '../../build/TEL/TEL.egg-info/SOURCES.txt'
[2.668s] running build
[2.669s] running build_py
[2.677s] running install
[2.677s] /usr/lib/python3/dist-packages/setuptools/command/install.py:34: SetuptoolsDeprecationWarning: setup.py install is deprecated. Use build and pip and other standards-based tools.
[2.678s]   warnings.warn(
[2.678s] running install_lib
[2.687s] byte-compiling /home/tel/robot_ros/install/TEL/lib/python3.10/site-packages/TEL/shooter_CIM_test_pub.py to shooter_CIM_test_pub.cpython-310.pyc
[2.688s] Sorry: IndentationError: unexpected indent (shooter_CIM_test_pub.py, line 34)
[2.688s] running install_data
[2.690s] running install_egg_info
[2.694s] removing '/home/tel/robot_ros/install/TEL/lib/python3.10/site-packages/TEL-0.0.0-py3.10.egg-info' (and everything under it)
[2.695s] Copying ../../build/TEL/TEL.egg-info to /home/tel/robot_ros/install/TEL/lib/python3.10/site-packages/TEL-0.0.0-py3.10.egg-info
[2.698s] running install_scripts
[2.760s] Installing bottom_linear_sub script to /home/tel/robot_ros/install/TEL/lib/TEL
[2.761s] Installing bottom_linear_test_pub script to /home/tel/robot_ros/install/TEL/lib/TEL
[2.761s] Installing camera_servo_sub script to /home/tel/robot_ros/install/TEL/lib/TEL
[2.762s] Installing camera_servo_test_pub script to /home/tel/robot_ros/install/TEL/lib/TEL
[2.762s] Installing load1_servo_sub script to /home/tel/robot_ros/install/TEL/lib/TEL
[2.763s] Installing load1_servo_test_pub script to /home/tel/robot_ros/install/TEL/lib/TEL
[2.763s] Installing server script to /home/tel/robot_ros/install/TEL/lib/TEL
[2.764s] Installing shooter_CIM_sub script to /home/tel/robot_ros/install/TEL/lib/TEL
[2.764s] Installing shooter_CIM_test_pub script to /home/tel/robot_ros/install/TEL/lib/TEL
[2.765s] Installing shooter_servo_sub script to /home/tel/robot_ros/install/TEL/lib/TEL
[2.765s] Installing shooter_servo_test_pub script to /home/tel/robot_ros/install/TEL/lib/TEL
[2.766s] Installing stepper_sub script to /home/tel/robot_ros/install/TEL/lib/TEL
[2.766s] Installing stepper_test_pub script to /home/tel/robot_ros/install/TEL/lib/TEL
[2.767s] Installing up_linear_sub script to /home/tel/robot_ros/install/TEL/lib/TEL
[2.768s] Installing up_linear_test_pub script to /home/tel/robot_ros/install/TEL/lib/TEL
[2.768s] Installing wheel_sub script to /home/tel/robot_ros/install/TEL/lib/TEL
[2.769s] Installing wheel_test_pub script to /home/tel/robot_ros/install/TEL/lib/TEL
[2.773s] writing list of installed files to '/home/tel/robot_ros/build/TEL/install.log'
[2.854s] Invoked command in '/home/tel/robot_ros/src/TEL' returned '0': PYTHONPATH=/home/tel/robot_ros/build/TEL/prefix_override:/home/tel/robot_ros/install/TEL/lib/python3.10/site-packages: /usr/bin/python3 setup.py egg_info --egg-base ../../build/TEL build --build-base /home/tel/robot_ros/build/TEL/build install --record /home/tel/robot_ros/build/TEL/install.log --single-version-externally-managed
