[3.101s] DEBUG:colcon:Command line arguments: ['/usr/bin/colcon', 'build']
[3.101s] DEBUG:colcon:Parsed command line arguments: Namespace(log_base=None, log_level=None, verb_name='build', build_base='build', install_base='install', merge_install=False, symlink_install=False, test_result_base=None, continue_on_error=False, executor='parallel', parallel_workers=4, event_handlers=None, ignore_user_meta=False, metas=['./colcon.meta'], base_paths=['.'], packages_ignore=None, packages_ignore_regex=None, paths=None, packages_up_to=None, packages_up_to_regex=None, packages_above=None, packages_above_and_dependencies=None, packages_above_depth=None, packages_select_by_dep=None, packages_skip_by_dep=None, packages_skip_up_to=None, packages_select_build_failed=False, packages_skip_build_finished=False, packages_select_test_failures=False, packages_skip_test_passed=False, packages_select=None, packages_skip=None, packages_select_regex=None, packages_skip_regex=None, packages_start=None, packages_end=None, allow_overriding=[], cmake_args=None, cmake_target=None, cmake_target_skip_unavailable=False, cmake_clean_cache=False, cmake_clean_first=False, cmake_force_configure=False, ament_cmake_args=None, catkin_cmake_args=None, catkin_skip_building_tests=False, verb_parser=<colcon_defaults.argument_parser.defaults.DefaultArgumentsDecorator object at 0xb5b062c8>, verb_extension=<colcon_core.verb.build.BuildVerb object at 0xb5a914a8>, main=<bound method BuildVerb.main of <colcon_core.verb.build.BuildVerb object at 0xb5a914a8>>)
[3.307s] Level 1:colcon.colcon_core.package_discovery:discover_packages(colcon_meta) check parameters
[3.307s] Level 1:colcon.colcon_core.package_discovery:discover_packages(recursive) check parameters
[3.308s] Level 1:colcon.colcon_core.package_discovery:discover_packages(ignore) check parameters
[3.308s] Level 1:colcon.colcon_core.package_discovery:discover_packages(path) check parameters
[3.308s] Level 1:colcon.colcon_core.package_discovery:discover_packages(colcon_meta) discover
[3.308s] Level 1:colcon.colcon_core.package_discovery:discover_packages(recursive) discover
[3.308s] INFO:colcon.colcon_core.package_discovery:Crawling recursively for packages in '/home/tel/robot_ros'
[3.308s] Level 1:colcon.colcon_core.package_identification:_identify(.) by extensions ['ignore', 'ignore_ament_install']
[3.309s] Level 1:colcon.colcon_core.package_identification:_identify(.) by extension 'ignore'
[3.309s] Level 1:colcon.colcon_core.package_identification:_identify(.) by extension 'ignore_ament_install'
[3.309s] Level 1:colcon.colcon_core.package_identification:_identify(.) by extensions ['colcon_pkg']
[3.309s] Level 1:colcon.colcon_core.package_identification:_identify(.) by extension 'colcon_pkg'
[3.309s] Level 1:colcon.colcon_core.package_identification:_identify(.) by extensions ['colcon_meta']
[3.309s] Level 1:colcon.colcon_core.package_identification:_identify(.) by extension 'colcon_meta'
[3.309s] Level 1:colcon.colcon_core.package_identification:_identify(.) by extensions ['ros']
[3.309s] Level 1:colcon.colcon_core.package_identification:_identify(.) by extension 'ros'
[3.376s] Level 1:colcon.colcon_core.package_identification:_identify(.) by extensions ['cmake', 'python']
[3.376s] Level 1:colcon.colcon_core.package_identification:_identify(.) by extension 'cmake'
[3.376s] Level 1:colcon.colcon_core.package_identification:_identify(.) by extension 'python'
[3.376s] Level 1:colcon.colcon_core.package_identification:_identify(.) by extensions ['python_setup_py']
[3.376s] Level 1:colcon.colcon_core.package_identification:_identify(.) by extension 'python_setup_py'
[3.377s] Level 1:colcon.colcon_core.package_identification:_identify(build) by extensions ['ignore', 'ignore_ament_install']
[3.377s] Level 1:colcon.colcon_core.package_identification:_identify(build) by extension 'ignore'
[3.377s] Level 1:colcon.colcon_core.package_identification:_identify(build) ignored
[3.377s] Level 1:colcon.colcon_core.package_identification:_identify(install) by extensions ['ignore', 'ignore_ament_install']
[3.378s] Level 1:colcon.colcon_core.package_identification:_identify(install) by extension 'ignore'
[3.378s] Level 1:colcon.colcon_core.package_identification:_identify(install) ignored
[3.378s] Level 1:colcon.colcon_core.package_identification:_identify(log) by extensions ['ignore', 'ignore_ament_install']
[3.378s] Level 1:colcon.colcon_core.package_identification:_identify(log) by extension 'ignore'
[3.379s] Level 1:colcon.colcon_core.package_identification:_identify(log) ignored
[3.380s] Level 1:colcon.colcon_core.package_identification:_identify(src) by extensions ['ignore', 'ignore_ament_install']
[3.380s] Level 1:colcon.colcon_core.package_identification:_identify(src) by extension 'ignore'
[3.380s] Level 1:colcon.colcon_core.package_identification:_identify(src) by extension 'ignore_ament_install'
[3.380s] Level 1:colcon.colcon_core.package_identification:_identify(src) by extensions ['colcon_pkg']
[3.380s] Level 1:colcon.colcon_core.package_identification:_identify(src) by extension 'colcon_pkg'
[3.381s] Level 1:colcon.colcon_core.package_identification:_identify(src) by extensions ['colcon_meta']
[3.381s] Level 1:colcon.colcon_core.package_identification:_identify(src) by extension 'colcon_meta'
[3.381s] Level 1:colcon.colcon_core.package_identification:_identify(src) by extensions ['ros']
[3.381s] Level 1:colcon.colcon_core.package_identification:_identify(src) by extension 'ros'
[3.381s] Level 1:colcon.colcon_core.package_identification:_identify(src) by extensions ['cmake', 'python']
[3.381s] Level 1:colcon.colcon_core.package_identification:_identify(src) by extension 'cmake'
[3.381s] Level 1:colcon.colcon_core.package_identification:_identify(src) by extension 'python'
[3.381s] Level 1:colcon.colcon_core.package_identification:_identify(src) by extensions ['python_setup_py']
[3.382s] Level 1:colcon.colcon_core.package_identification:_identify(src) by extension 'python_setup_py'
[3.382s] Level 1:colcon.colcon_core.package_identification:_identify(src/TEL) by extensions ['ignore', 'ignore_ament_install']
[3.383s] Level 1:colcon.colcon_core.package_identification:_identify(src/TEL) by extension 'ignore'
[3.383s] Level 1:colcon.colcon_core.package_identification:_identify(src/TEL) by extension 'ignore_ament_install'
[3.383s] Level 1:colcon.colcon_core.package_identification:_identify(src/TEL) by extensions ['colcon_pkg']
[3.383s] Level 1:colcon.colcon_core.package_identification:_identify(src/TEL) by extension 'colcon_pkg'
[3.383s] Level 1:colcon.colcon_core.package_identification:_identify(src/TEL) by extensions ['colcon_meta']
[3.383s] Level 1:colcon.colcon_core.package_identification:_identify(src/TEL) by extension 'colcon_meta'
[3.384s] Level 1:colcon.colcon_core.package_identification:_identify(src/TEL) by extensions ['ros']
[3.384s] Level 1:colcon.colcon_core.package_identification:_identify(src/TEL) by extension 'ros'
[3.394s] DEBUG:colcon.colcon_core.package_identification:Package 'src/TEL' with type 'ros.ament_python' and name 'TEL'
[3.394s] Level 1:colcon.colcon_core.package_discovery:discover_packages(recursive) using defaults
[3.395s] Level 1:colcon.colcon_core.package_discovery:discover_packages(ignore) discover
[3.395s] Level 1:colcon.colcon_core.package_discovery:discover_packages(ignore) using defaults
[3.395s] Level 1:colcon.colcon_core.package_discovery:discover_packages(path) discover
[3.395s] Level 1:colcon.colcon_core.package_discovery:discover_packages(path) using defaults
[3.659s] Level 1:colcon.colcon_core.package_discovery:discover_packages(prefix_path) check parameters
[3.659s] Level 1:colcon.colcon_core.package_discovery:discover_packages(prefix_path) discover
[3.697s] Level 1:colcon.colcon_core.package_discovery:discover_packages(prefix_path) using defaults
[3.767s] Level 5:colcon.colcon_core.verb:set package 'TEL' build argument 'cmake_args' from command line to 'None'
[3.767s] Level 5:colcon.colcon_core.verb:set package 'TEL' build argument 'cmake_target' from command line to 'None'
[3.767s] Level 5:colcon.colcon_core.verb:set package 'TEL' build argument 'cmake_target_skip_unavailable' from command line to 'False'
[3.767s] Level 5:colcon.colcon_core.verb:set package 'TEL' build argument 'cmake_clean_cache' from command line to 'False'
[3.767s] Level 5:colcon.colcon_core.verb:set package 'TEL' build argument 'cmake_clean_first' from command line to 'False'
[3.767s] Level 5:colcon.colcon_core.verb:set package 'TEL' build argument 'cmake_force_configure' from command line to 'False'
[3.767s] Level 5:colcon.colcon_core.verb:set package 'TEL' build argument 'ament_cmake_args' from command line to 'None'
[3.767s] Level 5:colcon.colcon_core.verb:set package 'TEL' build argument 'catkin_cmake_args' from command line to 'None'
[3.768s] Level 5:colcon.colcon_core.verb:set package 'TEL' build argument 'catkin_skip_building_tests' from command line to 'False'
[3.768s] DEBUG:colcon.colcon_core.verb:Building package 'TEL' with the following arguments: {'ament_cmake_args': None, 'build_base': '/home/tel/robot_ros/build/TEL', 'catkin_cmake_args': None, 'catkin_skip_building_tests': False, 'cmake_args': None, 'cmake_clean_cache': False, 'cmake_clean_first': False, 'cmake_force_configure': False, 'cmake_target': None, 'cmake_target_skip_unavailable': False, 'install_base': '/home/tel/robot_ros/install/TEL', 'merge_install': False, 'path': '/home/tel/robot_ros/src/TEL', 'symlink_install': False, 'test_result_base': None}
[3.800s] INFO:colcon.colcon_core.executor:Executing jobs using 'parallel' executor
[3.832s] DEBUG:colcon.colcon_parallel_executor.executor.parallel:run_until_complete
[3.833s] INFO:colcon.colcon_ros.task.ament_python.build:Building ROS package in '/home/tel/robot_ros/src/TEL' with build type 'ament_python'
[3.834s] Level 1:colcon.colcon_core.shell:create_environment_hook('TEL', 'ament_prefix_path')
[3.881s] INFO:colcon.colcon_core.plugin_system:Skipping extension 'colcon_core.shell.bat': Not used on non-Windows systems
[3.882s] INFO:colcon.colcon_core.shell:Creating environment hook '/home/tel/robot_ros/install/TEL/share/TEL/hook/ament_prefix_path.ps1'
[3.888s] INFO:colcon.colcon_core.shell:Creating environment descriptor '/home/tel/robot_ros/install/TEL/share/TEL/hook/ament_prefix_path.dsv'
[3.891s] INFO:colcon.colcon_core.shell:Creating environment hook '/home/tel/robot_ros/install/TEL/share/TEL/hook/ament_prefix_path.sh'
[3.927s] INFO:colcon.colcon_core.shell:Skip shell extension 'powershell' for command environment: Not usable outside of PowerShell
[3.927s] DEBUG:colcon.colcon_core.shell:Skip shell extension 'dsv' for command environment
[4.684s] INFO:colcon.colcon_core.task.python.build:Building Python package in '/home/tel/robot_ros/src/TEL'
[4.716s] INFO:colcon.colcon_core.shell:Skip shell extension 'powershell' for command environment: Not usable outside of PowerShell
[4.716s] DEBUG:colcon.colcon_core.shell:Skip shell extension 'dsv' for command environment
[6.387s] DEBUG:colcon.colcon_core.event_handler.log_command:Invoking command in '/home/tel/robot_ros/src/TEL': PYTHONPATH=/home/tel/robot_ros/build/TEL/prefix_override:/home/tel/robot_ros/install/TEL/lib/python3.10/site-packages: /usr/bin/python3 setup.py egg_info --egg-base ../../build/TEL build --build-base /home/tel/robot_ros/build/TEL/build install --record /home/tel/robot_ros/build/TEL/install.log --single-version-externally-managed
[7.274s] DEBUG:colcon.colcon_core.event_handler.log_command:Invoked command in '/home/tel/robot_ros/src/TEL' returned '0': PYTHONPATH=/home/tel/robot_ros/build/TEL/prefix_override:/home/tel/robot_ros/install/TEL/lib/python3.10/site-packages: /usr/bin/python3 setup.py egg_info --egg-base ../../build/TEL build --build-base /home/tel/robot_ros/build/TEL/build install --record /home/tel/robot_ros/build/TEL/install.log --single-version-externally-managed
[7.334s] Level 1:colcon.colcon_core.environment:checking '/home/tel/robot_ros/install/TEL' for CMake module files
[7.337s] Level 1:colcon.colcon_core.environment:checking '/home/tel/robot_ros/install/TEL' for CMake config files
[7.342s] Level 1:colcon.colcon_core.environment:checking '/home/tel/robot_ros/install/TEL/lib'
[7.343s] Level 1:colcon.colcon_core.environment:checking '/home/tel/robot_ros/install/TEL/bin'
[7.343s] Level 1:colcon.colcon_core.environment:checking '/home/tel/robot_ros/install/TEL/lib/pkgconfig/TEL.pc'
[7.344s] Level 1:colcon.colcon_core.environment:checking '/home/tel/robot_ros/install/TEL/lib/python3.10/site-packages'
[7.344s] Level 1:colcon.colcon_core.shell:create_environment_hook('TEL', 'pythonpath')
[7.382s] INFO:colcon.colcon_core.shell:Creating environment hook '/home/tel/robot_ros/install/TEL/share/TEL/hook/pythonpath.ps1'
[7.384s] INFO:colcon.colcon_core.shell:Creating environment descriptor '/home/tel/robot_ros/install/TEL/share/TEL/hook/pythonpath.dsv'
[7.385s] INFO:colcon.colcon_core.shell:Creating environment hook '/home/tel/robot_ros/install/TEL/share/TEL/hook/pythonpath.sh'
[7.387s] Level 1:colcon.colcon_core.environment:checking '/home/tel/robot_ros/install/TEL/bin'
[7.388s] Level 1:colcon.colcon_core.environment:create_environment_scripts_only(TEL)
[7.425s] INFO:colcon.colcon_core.shell:Creating package script '/home/tel/robot_ros/install/TEL/share/TEL/package.ps1'
[7.429s] INFO:colcon.colcon_core.shell:Creating package descriptor '/home/tel/robot_ros/install/TEL/share/TEL/package.dsv'
[7.435s] INFO:colcon.colcon_core.shell:Creating package script '/home/tel/robot_ros/install/TEL/share/TEL/package.sh'
[7.440s] INFO:colcon.colcon_core.shell:Creating package script '/home/tel/robot_ros/install/TEL/share/TEL/package.bash'
[7.446s] INFO:colcon.colcon_core.shell:Creating package script '/home/tel/robot_ros/install/TEL/share/TEL/package.zsh'
[7.453s] Level 1:colcon.colcon_core.environment:create_file_with_runtime_dependencies(/home/tel/robot_ros/install/TEL/share/colcon-core/packages/TEL)
[7.454s] DEBUG:colcon.colcon_parallel_executor.executor.parallel:closing loop
[7.455s] DEBUG:colcon.colcon_parallel_executor.executor.parallel:loop closed
[7.456s] DEBUG:colcon.colcon_parallel_executor.executor.parallel:run_until_complete finished with '0'
[7.456s] DEBUG:colcon.colcon_core.event_reactor:joining thread
[7.513s] INFO:colcon.colcon_core.plugin_system:Skipping extension 'colcon_notification.desktop_notification.notify_send': Could not find 'notify-send'
[7.514s] INFO:colcon.colcon_core.plugin_system:Skipping extension 'colcon_notification.desktop_notification.terminal_notifier': Not used on non-Darwin systems
[7.514s] INFO:colcon.colcon_core.plugin_system:Skipping extension 'colcon_notification.desktop_notification.win32': Not used on non-Windows systems
[7.514s] INFO:colcon.colcon_notification.desktop_notification:Sending desktop notification using 'notify2'
[7.583s] DEBUG:colcon.colcon_notification.desktop_notification.notify2:Failed to initialize notify2: org.freedesktop.DBus.Error.ServiceUnknown: The name org.freedesktop.Notifications was not provided by any .service files
[7.584s] DEBUG:colcon.colcon_core.event_reactor:joined thread
[7.627s] INFO:colcon.colcon_core.shell:Creating prefix script '/home/tel/robot_ros/install/local_setup.ps1'
[7.631s] INFO:colcon.colcon_core.shell:Creating prefix util module '/home/tel/robot_ros/install/_local_setup_util_ps1.py'
[7.640s] INFO:colcon.colcon_core.shell:Creating prefix chain script '/home/tel/robot_ros/install/setup.ps1'
[7.682s] INFO:colcon.colcon_core.shell:Creating prefix script '/home/tel/robot_ros/install/local_setup.sh'
[7.687s] INFO:colcon.colcon_core.shell:Creating prefix util module '/home/tel/robot_ros/install/_local_setup_util_sh.py'
[7.689s] INFO:colcon.colcon_core.shell:Creating prefix chain script '/home/tel/robot_ros/install/setup.sh'
[7.731s] INFO:colcon.colcon_core.shell:Creating prefix script '/home/tel/robot_ros/install/local_setup.bash'
[7.735s] INFO:colcon.colcon_core.shell:Creating prefix chain script '/home/tel/robot_ros/install/setup.bash'
[7.778s] INFO:colcon.colcon_core.shell:Creating prefix script '/home/tel/robot_ros/install/local_setup.zsh'
[7.781s] INFO:colcon.colcon_core.shell:Creating prefix chain script '/home/tel/robot_ros/install/setup.zsh'
