[7.174s] DEBUG:colcon:Command line arguments: ['/usr/bin/colcon', 'build']
[7.174s] DEBUG:colcon:Parsed command line arguments: Namespace(log_base=None, log_level=None, verb_name='build', build_base='build', install_base='install', merge_install=False, symlink_install=False, test_result_base=None, continue_on_error=False, executor='parallel', parallel_workers=4, event_handlers=None, ignore_user_meta=False, metas=['./colcon.meta'], base_paths=['.'], packages_ignore=None, packages_ignore_regex=None, paths=None, packages_up_to=None, packages_up_to_regex=None, packages_above=None, packages_above_and_dependencies=None, packages_above_depth=None, packages_select_by_dep=None, packages_skip_by_dep=None, packages_skip_up_to=None, packages_select_build_failed=False, packages_skip_build_finished=False, packages_select_test_failures=False, packages_skip_test_passed=False, packages_select=None, packages_skip=None, packages_select_regex=None, packages_skip_regex=None, packages_start=None, packages_end=None, allow_overriding=[], cmake_args=None, cmake_target=None, cmake_target_skip_unavailable=False, cmake_clean_cache=False, cmake_clean_first=False, cmake_force_configure=False, ament_cmake_args=None, catkin_cmake_args=None, catkin_skip_building_tests=False, verb_parser=<colcon_defaults.argument_parser.defaults.DefaultArgumentsDecorator object at 0xb5c06478>, verb_extension=<colcon_core.verb.build.BuildVerb object at 0xb5bdf928>, main=<bound method BuildVerb.main of <colcon_core.verb.build.BuildVerb object at 0xb5bdf928>>)
[7.583s] Level 1:colcon.colcon_core.package_discovery:discover_packages(colcon_meta) check parameters
[7.584s] Level 1:colcon.colcon_core.package_discovery:discover_packages(recursive) check parameters
[7.584s] Level 1:colcon.colcon_core.package_discovery:discover_packages(ignore) check parameters
[7.584s] Level 1:colcon.colcon_core.package_discovery:discover_packages(path) check parameters
[7.584s] Level 1:colcon.colcon_core.package_discovery:discover_packages(colcon_meta) discover
[7.584s] Level 1:colcon.colcon_core.package_discovery:discover_packages(recursive) discover
[7.584s] INFO:colcon.colcon_core.package_discovery:Crawling recursively for packages in '/home/tel/robot_ros/src/TEL/TEL'
[7.584s] Level 1:colcon.colcon_core.package_identification:_identify(.) by extensions ['ignore', 'ignore_ament_install']
[7.585s] Level 1:colcon.colcon_core.package_identification:_identify(.) by extension 'ignore'
[7.585s] Level 1:colcon.colcon_core.package_identification:_identify(.) by extension 'ignore_ament_install'
[7.585s] Level 1:colcon.colcon_core.package_identification:_identify(.) by extensions ['colcon_pkg']
[7.585s] Level 1:colcon.colcon_core.package_identification:_identify(.) by extension 'colcon_pkg'
[7.585s] Level 1:colcon.colcon_core.package_identification:_identify(.) by extensions ['colcon_meta']
[7.585s] Level 1:colcon.colcon_core.package_identification:_identify(.) by extension 'colcon_meta'
[7.586s] Level 1:colcon.colcon_core.package_identification:_identify(.) by extensions ['ros']
[7.586s] Level 1:colcon.colcon_core.package_identification:_identify(.) by extension 'ros'
[7.631s] Level 1:colcon.colcon_core.package_identification:_identify(.) by extensions ['cmake', 'python']
[7.631s] Level 1:colcon.colcon_core.package_identification:_identify(.) by extension 'cmake'
[7.631s] Level 1:colcon.colcon_core.package_identification:_identify(.) by extension 'python'
[7.631s] Level 1:colcon.colcon_core.package_identification:_identify(.) by extensions ['python_setup_py']
[7.632s] Level 1:colcon.colcon_core.package_identification:_identify(.) by extension 'python_setup_py'
[7.632s] Level 1:colcon.colcon_core.package_identification:_identify(__pycache__) by extensions ['ignore', 'ignore_ament_install']
[7.632s] Level 1:colcon.colcon_core.package_identification:_identify(__pycache__) by extension 'ignore'
[7.632s] Level 1:colcon.colcon_core.package_identification:_identify(__pycache__) by extension 'ignore_ament_install'
[7.633s] Level 1:colcon.colcon_core.package_identification:_identify(__pycache__) by extensions ['colcon_pkg']
[7.633s] Level 1:colcon.colcon_core.package_identification:_identify(__pycache__) by extension 'colcon_pkg'
[7.633s] Level 1:colcon.colcon_core.package_identification:_identify(__pycache__) by extensions ['colcon_meta']
[7.633s] Level 1:colcon.colcon_core.package_identification:_identify(__pycache__) by extension 'colcon_meta'
[7.633s] Level 1:colcon.colcon_core.package_identification:_identify(__pycache__) by extensions ['ros']
[7.633s] Level 1:colcon.colcon_core.package_identification:_identify(__pycache__) by extension 'ros'
[7.633s] Level 1:colcon.colcon_core.package_identification:_identify(__pycache__) by extensions ['cmake', 'python']
[7.633s] Level 1:colcon.colcon_core.package_identification:_identify(__pycache__) by extension 'cmake'
[7.634s] Level 1:colcon.colcon_core.package_identification:_identify(__pycache__) by extension 'python'
[7.634s] Level 1:colcon.colcon_core.package_identification:_identify(__pycache__) by extensions ['python_setup_py']
[7.634s] Level 1:colcon.colcon_core.package_identification:_identify(__pycache__) by extension 'python_setup_py'
[7.634s] Level 1:colcon.colcon_core.package_identification:_identify(build) by extensions ['ignore', 'ignore_ament_install']
[7.634s] Level 1:colcon.colcon_core.package_identification:_identify(build) by extension 'ignore'
[7.635s] Level 1:colcon.colcon_core.package_identification:_identify(build) ignored
[7.635s] Level 1:colcon.colcon_core.package_identification:_identify(install) by extensions ['ignore', 'ignore_ament_install']
[7.635s] Level 1:colcon.colcon_core.package_identification:_identify(install) by extension 'ignore'
[7.635s] Level 1:colcon.colcon_core.package_identification:_identify(install) ignored
[7.636s] Level 1:colcon.colcon_core.package_identification:_identify(log) by extensions ['ignore', 'ignore_ament_install']
[7.636s] Level 1:colcon.colcon_core.package_identification:_identify(log) by extension 'ignore'
[7.636s] Level 1:colcon.colcon_core.package_identification:_identify(log) ignored
[7.636s] Level 1:colcon.colcon_core.package_identification:_identify(server) by extensions ['ignore', 'ignore_ament_install']
[7.636s] Level 1:colcon.colcon_core.package_identification:_identify(server) by extension 'ignore'
[7.637s] Level 1:colcon.colcon_core.package_identification:_identify(server) by extension 'ignore_ament_install'
[7.637s] Level 1:colcon.colcon_core.package_identification:_identify(server) by extensions ['colcon_pkg']
[7.637s] Level 1:colcon.colcon_core.package_identification:_identify(server) by extension 'colcon_pkg'
[7.637s] Level 1:colcon.colcon_core.package_identification:_identify(server) by extensions ['colcon_meta']
[7.637s] Level 1:colcon.colcon_core.package_identification:_identify(server) by extension 'colcon_meta'
[7.637s] Level 1:colcon.colcon_core.package_identification:_identify(server) by extensions ['ros']
[7.637s] Level 1:colcon.colcon_core.package_identification:_identify(server) by extension 'ros'
[7.638s] Level 1:colcon.colcon_core.package_identification:_identify(server) by extensions ['cmake', 'python']
[7.638s] Level 1:colcon.colcon_core.package_identification:_identify(server) by extension 'cmake'
[7.638s] Level 1:colcon.colcon_core.package_identification:_identify(server) by extension 'python'
[7.638s] Level 1:colcon.colcon_core.package_identification:_identify(server) by extensions ['python_setup_py']
[7.638s] Level 1:colcon.colcon_core.package_identification:_identify(server) by extension 'python_setup_py'
[7.638s] Level 1:colcon.colcon_core.package_identification:_identify(server/__pycache__) by extensions ['ignore', 'ignore_ament_install']
[7.639s] Level 1:colcon.colcon_core.package_identification:_identify(server/__pycache__) by extension 'ignore'
[7.639s] Level 1:colcon.colcon_core.package_identification:_identify(server/__pycache__) by extension 'ignore_ament_install'
[7.639s] Level 1:colcon.colcon_core.package_identification:_identify(server/__pycache__) by extensions ['colcon_pkg']
[7.639s] Level 1:colcon.colcon_core.package_identification:_identify(server/__pycache__) by extension 'colcon_pkg'
[7.639s] Level 1:colcon.colcon_core.package_identification:_identify(server/__pycache__) by extensions ['colcon_meta']
[7.639s] Level 1:colcon.colcon_core.package_identification:_identify(server/__pycache__) by extension 'colcon_meta'
[7.640s] Level 1:colcon.colcon_core.package_identification:_identify(server/__pycache__) by extensions ['ros']
[7.640s] Level 1:colcon.colcon_core.package_identification:_identify(server/__pycache__) by extension 'ros'
[7.640s] Level 1:colcon.colcon_core.package_identification:_identify(server/__pycache__) by extensions ['cmake', 'python']
[7.640s] Level 1:colcon.colcon_core.package_identification:_identify(server/__pycache__) by extension 'cmake'
[7.640s] Level 1:colcon.colcon_core.package_identification:_identify(server/__pycache__) by extension 'python'
[7.640s] Level 1:colcon.colcon_core.package_identification:_identify(server/__pycache__) by extensions ['python_setup_py']
[7.640s] Level 1:colcon.colcon_core.package_identification:_identify(server/__pycache__) by extension 'python_setup_py'
[7.641s] Level 1:colcon.colcon_core.package_identification:_identify(server/routes) by extensions ['ignore', 'ignore_ament_install']
[7.641s] Level 1:colcon.colcon_core.package_identification:_identify(server/routes) by extension 'ignore'
[7.641s] Level 1:colcon.colcon_core.package_identification:_identify(server/routes) by extension 'ignore_ament_install'
[7.641s] Level 1:colcon.colcon_core.package_identification:_identify(server/routes) by extensions ['colcon_pkg']
[7.641s] Level 1:colcon.colcon_core.package_identification:_identify(server/routes) by extension 'colcon_pkg'
[7.641s] Level 1:colcon.colcon_core.package_identification:_identify(server/routes) by extensions ['colcon_meta']
[7.642s] Level 1:colcon.colcon_core.package_identification:_identify(server/routes) by extension 'colcon_meta'
[7.642s] Level 1:colcon.colcon_core.package_identification:_identify(server/routes) by extensions ['ros']
[7.642s] Level 1:colcon.colcon_core.package_identification:_identify(server/routes) by extension 'ros'
[7.642s] Level 1:colcon.colcon_core.package_identification:_identify(server/routes) by extensions ['cmake', 'python']
[7.642s] Level 1:colcon.colcon_core.package_identification:_identify(server/routes) by extension 'cmake'
[7.642s] Level 1:colcon.colcon_core.package_identification:_identify(server/routes) by extension 'python'
[7.643s] Level 1:colcon.colcon_core.package_identification:_identify(server/routes) by extensions ['python_setup_py']
[7.643s] Level 1:colcon.colcon_core.package_identification:_identify(server/routes) by extension 'python_setup_py'
[7.643s] Level 1:colcon.colcon_core.package_identification:_identify(server/routes/__pycache__) by extensions ['ignore', 'ignore_ament_install']
[7.643s] Level 1:colcon.colcon_core.package_identification:_identify(server/routes/__pycache__) by extension 'ignore'
[7.643s] Level 1:colcon.colcon_core.package_identification:_identify(server/routes/__pycache__) by extension 'ignore_ament_install'
[7.644s] Level 1:colcon.colcon_core.package_identification:_identify(server/routes/__pycache__) by extensions ['colcon_pkg']
[7.644s] Level 1:colcon.colcon_core.package_identification:_identify(server/routes/__pycache__) by extension 'colcon_pkg'
[7.644s] Level 1:colcon.colcon_core.package_identification:_identify(server/routes/__pycache__) by extensions ['colcon_meta']
[7.644s] Level 1:colcon.colcon_core.package_identification:_identify(server/routes/__pycache__) by extension 'colcon_meta'
[7.644s] Level 1:colcon.colcon_core.package_identification:_identify(server/routes/__pycache__) by extensions ['ros']
[7.644s] Level 1:colcon.colcon_core.package_identification:_identify(server/routes/__pycache__) by extension 'ros'
[7.644s] Level 1:colcon.colcon_core.package_identification:_identify(server/routes/__pycache__) by extensions ['cmake', 'python']
[7.644s] Level 1:colcon.colcon_core.package_identification:_identify(server/routes/__pycache__) by extension 'cmake'
[7.645s] Level 1:colcon.colcon_core.package_identification:_identify(server/routes/__pycache__) by extension 'python'
[7.645s] Level 1:colcon.colcon_core.package_identification:_identify(server/routes/__pycache__) by extensions ['python_setup_py']
[7.645s] Level 1:colcon.colcon_core.package_identification:_identify(server/routes/__pycache__) by extension 'python_setup_py'
[7.645s] Level 1:colcon.colcon_core.package_identification:_identify(server/types) by extensions ['ignore', 'ignore_ament_install']
[7.645s] Level 1:colcon.colcon_core.package_identification:_identify(server/types) by extension 'ignore'
[7.646s] Level 1:colcon.colcon_core.package_identification:_identify(server/types) by extension 'ignore_ament_install'
[7.646s] Level 1:colcon.colcon_core.package_identification:_identify(server/types) by extensions ['colcon_pkg']
[7.646s] Level 1:colcon.colcon_core.package_identification:_identify(server/types) by extension 'colcon_pkg'
[7.646s] Level 1:colcon.colcon_core.package_identification:_identify(server/types) by extensions ['colcon_meta']
[7.646s] Level 1:colcon.colcon_core.package_identification:_identify(server/types) by extension 'colcon_meta'
[7.646s] Level 1:colcon.colcon_core.package_identification:_identify(server/types) by extensions ['ros']
[7.646s] Level 1:colcon.colcon_core.package_identification:_identify(server/types) by extension 'ros'
[7.647s] Level 1:colcon.colcon_core.package_identification:_identify(server/types) by extensions ['cmake', 'python']
[7.647s] Level 1:colcon.colcon_core.package_identification:_identify(server/types) by extension 'cmake'
[7.647s] Level 1:colcon.colcon_core.package_identification:_identify(server/types) by extension 'python'
[7.647s] Level 1:colcon.colcon_core.package_identification:_identify(server/types) by extensions ['python_setup_py']
[7.647s] Level 1:colcon.colcon_core.package_identification:_identify(server/types) by extension 'python_setup_py'
[7.647s] Level 1:colcon.colcon_core.package_identification:_identify(server/types/__pycache__) by extensions ['ignore', 'ignore_ament_install']
[7.648s] Level 1:colcon.colcon_core.package_identification:_identify(server/types/__pycache__) by extension 'ignore'
[7.648s] Level 1:colcon.colcon_core.package_identification:_identify(server/types/__pycache__) by extension 'ignore_ament_install'
[7.648s] Level 1:colcon.colcon_core.package_identification:_identify(server/types/__pycache__) by extensions ['colcon_pkg']
[7.648s] Level 1:colcon.colcon_core.package_identification:_identify(server/types/__pycache__) by extension 'colcon_pkg'
[7.648s] Level 1:colcon.colcon_core.package_identification:_identify(server/types/__pycache__) by extensions ['colcon_meta']
[7.648s] Level 1:colcon.colcon_core.package_identification:_identify(server/types/__pycache__) by extension 'colcon_meta'
[7.648s] Level 1:colcon.colcon_core.package_identification:_identify(server/types/__pycache__) by extensions ['ros']
[7.649s] Level 1:colcon.colcon_core.package_identification:_identify(server/types/__pycache__) by extension 'ros'
[7.649s] Level 1:colcon.colcon_core.package_identification:_identify(server/types/__pycache__) by extensions ['cmake', 'python']
[7.649s] Level 1:colcon.colcon_core.package_identification:_identify(server/types/__pycache__) by extension 'cmake'
[7.649s] Level 1:colcon.colcon_core.package_identification:_identify(server/types/__pycache__) by extension 'python'
[7.649s] Level 1:colcon.colcon_core.package_identification:_identify(server/types/__pycache__) by extensions ['python_setup_py']
[7.649s] Level 1:colcon.colcon_core.package_identification:_identify(server/types/__pycache__) by extension 'python_setup_py'
[7.649s] Level 1:colcon.colcon_core.package_discovery:discover_packages(recursive) using defaults
[7.650s] Level 1:colcon.colcon_core.package_discovery:discover_packages(ignore) discover
[7.650s] Level 1:colcon.colcon_core.package_discovery:discover_packages(ignore) using defaults
[7.650s] Level 1:colcon.colcon_core.package_discovery:discover_packages(path) discover
[7.650s] Level 1:colcon.colcon_core.package_discovery:discover_packages(path) using defaults
[8.331s] Level 1:colcon.colcon_core.package_discovery:discover_packages(prefix_path) check parameters
[8.331s] Level 1:colcon.colcon_core.package_discovery:discover_packages(prefix_path) discover
[8.585s] DEBUG:colcon.colcon_installed_package_information.package_discovery:Found 1 installed packages in /home/tel/robot_ros/install
[8.723s] DEBUG:colcon.colcon_installed_package_information.package_discovery:Found 339 installed packages in /home/tel/ros2_humble/install
[8.731s] Level 1:colcon.colcon_core.package_discovery:discover_packages(prefix_path) using defaults
[9.093s] INFO:colcon.colcon_core.executor:Executing jobs using 'parallel' executor
[9.197s] DEBUG:colcon.colcon_parallel_executor.executor.parallel:run_until_complete
[9.198s] DEBUG:colcon.colcon_parallel_executor.executor.parallel:closing loop
[9.198s] DEBUG:colcon.colcon_parallel_executor.executor.parallel:loop closed
[9.199s] DEBUG:colcon.colcon_parallel_executor.executor.parallel:run_until_complete finished with '0'
[9.199s] DEBUG:colcon.colcon_core.event_reactor:joining thread
[9.348s] INFO:colcon.colcon_core.plugin_system:Skipping extension 'colcon_notification.desktop_notification.notify_send': Could not find 'notify-send'
[9.348s] INFO:colcon.colcon_core.plugin_system:Skipping extension 'colcon_notification.desktop_notification.terminal_notifier': Not used on non-Darwin systems
[9.348s] INFO:colcon.colcon_core.plugin_system:Skipping extension 'colcon_notification.desktop_notification.win32': Not used on non-Windows systems
[9.349s] INFO:colcon.colcon_notification.desktop_notification:Sending desktop notification using 'notify2'
[9.351s] DEBUG:colcon.colcon_notification.desktop_notification.notify2:Failed to initialize notify2: org.freedesktop.DBus.Error.ServiceUnknown: The name org.freedesktop.Notifications was not provided by any .service files
[9.351s] DEBUG:colcon.colcon_core.event_reactor:joined thread
[9.480s] INFO:colcon.colcon_core.plugin_system:Skipping extension 'colcon_core.shell.bat': Not used on non-Windows systems
[9.481s] INFO:colcon.colcon_core.shell:Creating prefix script '/home/tel/robot_ros/src/TEL/TEL/install/local_setup.ps1'
[9.484s] INFO:colcon.colcon_core.shell:Creating prefix util module '/home/tel/robot_ros/src/TEL/TEL/install/_local_setup_util_ps1.py'
[9.489s] INFO:colcon.colcon_core.shell:Creating prefix chain script '/home/tel/robot_ros/src/TEL/TEL/install/setup.ps1'
[9.640s] INFO:colcon.colcon_core.shell:Creating prefix script '/home/tel/robot_ros/src/TEL/TEL/install/local_setup.sh'
[9.641s] INFO:colcon.colcon_core.shell:Creating prefix util module '/home/tel/robot_ros/src/TEL/TEL/install/_local_setup_util_sh.py'
[9.644s] INFO:colcon.colcon_core.shell:Creating prefix chain script '/home/tel/robot_ros/src/TEL/TEL/install/setup.sh'
[9.796s] INFO:colcon.colcon_core.shell:Creating prefix script '/home/tel/robot_ros/src/TEL/TEL/install/local_setup.bash'
[9.798s] INFO:colcon.colcon_core.shell:Creating prefix chain script '/home/tel/robot_ros/src/TEL/TEL/install/setup.bash'
[9.950s] INFO:colcon.colcon_core.shell:Creating prefix script '/home/tel/robot_ros/src/TEL/TEL/install/local_setup.zsh'
[9.952s] INFO:colcon.colcon_core.shell:Creating prefix chain script '/home/tel/robot_ros/src/TEL/TEL/install/setup.zsh'
