[3.121s] DEBUG:colcon:Command line arguments: ['/usr/bin/colcon', 'build']
[3.121s] DEBUG:colcon:Parsed command line arguments: Namespace(log_base=None, log_level=None, verb_name='build', build_base='build', install_base='install', merge_install=False, symlink_install=False, test_result_base=None, continue_on_error=False, executor='parallel', parallel_workers=4, event_handlers=None, ignore_user_meta=False, metas=['./colcon.meta'], base_paths=['.'], packages_ignore=None, packages_ignore_regex=None, paths=None, packages_up_to=None, packages_up_to_regex=None, packages_above=None, packages_above_and_dependencies=None, packages_above_depth=None, packages_select_by_dep=None, packages_skip_by_dep=None, packages_skip_up_to=None, packages_select_build_failed=False, packages_skip_build_finished=False, packages_select_test_failures=False, packages_skip_test_passed=False, packages_select=None, packages_skip=None, packages_select_regex=None, packages_skip_regex=None, packages_start=None, packages_end=None, allow_overriding=[], cmake_args=None, cmake_target=None, cmake_target_skip_unavailable=False, cmake_clean_cache=False, cmake_clean_first=False, cmake_force_configure=False, ament_cmake_args=None, catkin_cmake_args=None, catkin_skip_building_tests=False, verb_parser=<colcon_defaults.argument_parser.defaults.DefaultArgumentsDecorator object at 0xb5ad0c28>, verb_extension=<colcon_core.verb.build.BuildVerb object at 0xb5adf850>, main=<bound method BuildVerb.main of <colcon_core.verb.build.BuildVerb object at 0xb5adf850>>)
[3.329s] Level 1:colcon.colcon_core.package_discovery:discover_packages(colcon_meta) check parameters
[3.329s] Level 1:colcon.colcon_core.package_discovery:discover_packages(recursive) check parameters
[3.330s] Level 1:colcon.colcon_core.package_discovery:discover_packages(ignore) check parameters
[3.330s] Level 1:colcon.colcon_core.package_discovery:discover_packages(path) check parameters
[3.330s] Level 1:colcon.colcon_core.package_discovery:discover_packages(colcon_meta) discover
[3.330s] Level 1:colcon.colcon_core.package_discovery:discover_packages(recursive) discover
[3.330s] INFO:colcon.colcon_core.package_discovery:Crawling recursively for packages in '/home/tel/robot_ros'
[3.330s] Level 1:colcon.colcon_core.package_identification:_identify(.) by extensions ['ignore', 'ignore_ament_install']
[3.331s] Level 1:colcon.colcon_core.package_identification:_identify(.) by extension 'ignore'
[3.331s] Level 1:colcon.colcon_core.package_identification:_identify(.) by extension 'ignore_ament_install'
[3.331s] Level 1:colcon.colcon_core.package_identification:_identify(.) by extensions ['colcon_pkg']
[3.331s] Level 1:colcon.colcon_core.package_identification:_identify(.) by extension 'colcon_pkg'
[3.331s] Level 1:colcon.colcon_core.package_identification:_identify(.) by extensions ['colcon_meta']
[3.331s] Level 1:colcon.colcon_core.package_identification:_identify(.) by extension 'colcon_meta'
[3.331s] Level 1:colcon.colcon_core.package_identification:_identify(.) by extensions ['ros']
[3.332s] Level 1:colcon.colcon_core.package_identification:_identify(.) by extension 'ros'
[3.398s] Level 1:colcon.colcon_core.package_identification:_identify(.) by extensions ['cmake', 'python']
[3.398s] Level 1:colcon.colcon_core.package_identification:_identify(.) by extension 'cmake'
[3.398s] Level 1:colcon.colcon_core.package_identification:_identify(.) by extension 'python'
[3.398s] Level 1:colcon.colcon_core.package_identification:_identify(.) by extensions ['python_setup_py']
[3.398s] Level 1:colcon.colcon_core.package_identification:_identify(.) by extension 'python_setup_py'
[3.399s] Level 1:colcon.colcon_core.package_identification:_identify(build) by extensions ['ignore', 'ignore_ament_install']
[3.399s] Level 1:colcon.colcon_core.package_identification:_identify(build) by extension 'ignore'
[3.399s] Level 1:colcon.colcon_core.package_identification:_identify(build) ignored
[3.400s] Level 1:colcon.colcon_core.package_identification:_identify(install) by extensions ['ignore', 'ignore_ament_install']
[3.400s] Level 1:colcon.colcon_core.package_identification:_identify(install) by extension 'ignore'
[3.400s] Level 1:colcon.colcon_core.package_identification:_identify(install) ignored
[3.400s] Level 1:colcon.colcon_core.package_identification:_identify(log) by extensions ['ignore', 'ignore_ament_install']
[3.400s] Level 1:colcon.colcon_core.package_identification:_identify(log) by extension 'ignore'
[3.401s] Level 1:colcon.colcon_core.package_identification:_identify(log) ignored
[3.402s] Level 1:colcon.colcon_core.package_identification:_identify(src) by extensions ['ignore', 'ignore_ament_install']
[3.402s] Level 1:colcon.colcon_core.package_identification:_identify(src) by extension 'ignore'
[3.402s] Level 1:colcon.colcon_core.package_identification:_identify(src) by extension 'ignore_ament_install'
[3.402s] Level 1:colcon.colcon_core.package_identification:_identify(src) by extensions ['colcon_pkg']
[3.402s] Level 1:colcon.colcon_core.package_identification:_identify(src) by extension 'colcon_pkg'
[3.402s] Level 1:colcon.colcon_core.package_identification:_identify(src) by extensions ['colcon_meta']
[3.403s] Level 1:colcon.colcon_core.package_identification:_identify(src) by extension 'colcon_meta'
[3.403s] Level 1:colcon.colcon_core.package_identification:_identify(src) by extensions ['ros']
[3.403s] Level 1:colcon.colcon_core.package_identification:_identify(src) by extension 'ros'
[3.403s] Level 1:colcon.colcon_core.package_identification:_identify(src) by extensions ['cmake', 'python']
[3.403s] Level 1:colcon.colcon_core.package_identification:_identify(src) by extension 'cmake'
[3.403s] Level 1:colcon.colcon_core.package_identification:_identify(src) by extension 'python'
[3.403s] Level 1:colcon.colcon_core.package_identification:_identify(src) by extensions ['python_setup_py']
[3.404s] Level 1:colcon.colcon_core.package_identification:_identify(src) by extension 'python_setup_py'
[3.404s] Level 1:colcon.colcon_core.package_identification:_identify(src/TEL) by extensions ['ignore', 'ignore_ament_install']
[3.405s] Level 1:colcon.colcon_core.package_identification:_identify(src/TEL) by extension 'ignore'
[3.405s] Level 1:colcon.colcon_core.package_identification:_identify(src/TEL) by extension 'ignore_ament_install'
[3.405s] Level 1:colcon.colcon_core.package_identification:_identify(src/TEL) by extensions ['colcon_pkg']
[3.405s] Level 1:colcon.colcon_core.package_identification:_identify(src/TEL) by extension 'colcon_pkg'
[3.405s] Level 1:colcon.colcon_core.package_identification:_identify(src/TEL) by extensions ['colcon_meta']
[3.405s] Level 1:colcon.colcon_core.package_identification:_identify(src/TEL) by extension 'colcon_meta'
[3.405s] Level 1:colcon.colcon_core.package_identification:_identify(src/TEL) by extensions ['ros']
[3.406s] Level 1:colcon.colcon_core.package_identification:_identify(src/TEL) by extension 'ros'
[3.417s] DEBUG:colcon.colcon_core.package_identification:Package 'src/TEL' with type 'ros.ament_python' and name 'TEL'
[3.417s] Level 1:colcon.colcon_core.package_discovery:discover_packages(recursive) using defaults
[3.417s] Level 1:colcon.colcon_core.package_discovery:discover_packages(ignore) discover
[3.417s] Level 1:colcon.colcon_core.package_discovery:discover_packages(ignore) using defaults
[3.417s] Level 1:colcon.colcon_core.package_discovery:discover_packages(path) discover
[3.418s] Level 1:colcon.colcon_core.package_discovery:discover_packages(path) using defaults
[3.683s] Level 1:colcon.colcon_core.package_discovery:discover_packages(prefix_path) check parameters
[3.683s] Level 1:colcon.colcon_core.package_discovery:discover_packages(prefix_path) discover
[3.722s] Level 1:colcon.colcon_core.package_discovery:discover_packages(prefix_path) using defaults
[3.791s] Level 5:colcon.colcon_core.verb:set package 'TEL' build argument 'cmake_args' from command line to 'None'
[3.792s] Level 5:colcon.colcon_core.verb:set package 'TEL' build argument 'cmake_target' from command line to 'None'
[3.792s] Level 5:colcon.colcon_core.verb:set package 'TEL' build argument 'cmake_target_skip_unavailable' from command line to 'False'
[3.792s] Level 5:colcon.colcon_core.verb:set package 'TEL' build argument 'cmake_clean_cache' from command line to 'False'
[3.792s] Level 5:colcon.colcon_core.verb:set package 'TEL' build argument 'cmake_clean_first' from command line to 'False'
[3.792s] Level 5:colcon.colcon_core.verb:set package 'TEL' build argument 'cmake_force_configure' from command line to 'False'
[3.792s] Level 5:colcon.colcon_core.verb:set package 'TEL' build argument 'ament_cmake_args' from command line to 'None'
[3.792s] Level 5:colcon.colcon_core.verb:set package 'TEL' build argument 'catkin_cmake_args' from command line to 'None'
[3.792s] Level 5:colcon.colcon_core.verb:set package 'TEL' build argument 'catkin_skip_building_tests' from command line to 'False'
[3.792s] DEBUG:colcon.colcon_core.verb:Building package 'TEL' with the following arguments: {'ament_cmake_args': None, 'build_base': '/home/tel/robot_ros/build/TEL', 'catkin_cmake_args': None, 'catkin_skip_building_tests': False, 'cmake_args': None, 'cmake_clean_cache': False, 'cmake_clean_first': False, 'cmake_force_configure': False, 'cmake_target': None, 'cmake_target_skip_unavailable': False, 'install_base': '/home/tel/robot_ros/install/TEL', 'merge_install': False, 'path': '/home/tel/robot_ros/src/TEL', 'symlink_install': False, 'test_result_base': None}
[3.825s] INFO:colcon.colcon_core.executor:Executing jobs using 'parallel' executor
[3.858s] DEBUG:colcon.colcon_parallel_executor.executor.parallel:run_until_complete
[3.858s] INFO:colcon.colcon_ros.task.ament_python.build:Building ROS package in '/home/tel/robot_ros/src/TEL' with build type 'ament_python'
[3.859s] Level 1:colcon.colcon_core.shell:create_environment_hook('TEL', 'ament_prefix_path')
[3.909s] INFO:colcon.colcon_core.plugin_system:Skipping extension 'colcon_core.shell.bat': Not used on non-Windows systems
[3.910s] INFO:colcon.colcon_core.shell:Creating environment hook '/home/tel/robot_ros/install/TEL/share/TEL/hook/ament_prefix_path.ps1'
[3.915s] INFO:colcon.colcon_core.shell:Creating environment descriptor '/home/tel/robot_ros/install/TEL/share/TEL/hook/ament_prefix_path.dsv'
[3.918s] INFO:colcon.colcon_core.shell:Creating environment hook '/home/tel/robot_ros/install/TEL/share/TEL/hook/ament_prefix_path.sh'
[3.956s] INFO:colcon.colcon_core.shell:Skip shell extension 'powershell' for command environment: Not usable outside of PowerShell
[3.956s] DEBUG:colcon.colcon_core.shell:Skip shell extension 'dsv' for command environment
[4.806s] INFO:colcon.colcon_core.task.python.build:Building Python package in '/home/tel/robot_ros/src/TEL'
[4.842s] INFO:colcon.colcon_core.shell:Skip shell extension 'powershell' for command environment: Not usable outside of PowerShell
[4.842s] DEBUG:colcon.colcon_core.shell:Skip shell extension 'dsv' for command environment
[6.928s] DEBUG:colcon.colcon_core.event_handler.log_command:Invoking command in '/home/tel/robot_ros/src/TEL': PYTHONPATH=/home/tel/robot_ros/build/TEL/prefix_override:/home/tel/robot_ros/install/TEL/lib/python3.10/site-packages: /usr/bin/python3 setup.py egg_info --egg-base ../../build/TEL build --build-base /home/tel/robot_ros/build/TEL/build install --record /home/tel/robot_ros/build/TEL/install.log --single-version-externally-managed
[7.841s] DEBUG:colcon.colcon_core.event_handler.log_command:Invoked command in '/home/tel/robot_ros/src/TEL' returned '0': PYTHONPATH=/home/tel/robot_ros/build/TEL/prefix_override:/home/tel/robot_ros/install/TEL/lib/python3.10/site-packages: /usr/bin/python3 setup.py egg_info --egg-base ../../build/TEL build --build-base /home/tel/robot_ros/build/TEL/build install --record /home/tel/robot_ros/build/TEL/install.log --single-version-externally-managed
[7.900s] Level 1:colcon.colcon_core.environment:checking '/home/tel/robot_ros/install/TEL' for CMake module files
[7.903s] Level 1:colcon.colcon_core.environment:checking '/home/tel/robot_ros/install/TEL' for CMake config files
[7.907s] Level 1:colcon.colcon_core.environment:checking '/home/tel/robot_ros/install/TEL/lib'
[7.908s] Level 1:colcon.colcon_core.environment:checking '/home/tel/robot_ros/install/TEL/bin'
[7.908s] Level 1:colcon.colcon_core.environment:checking '/home/tel/robot_ros/install/TEL/lib/pkgconfig/TEL.pc'
[7.909s] Level 1:colcon.colcon_core.environment:checking '/home/tel/robot_ros/install/TEL/lib/python3.10/site-packages'
[7.909s] Level 1:colcon.colcon_core.shell:create_environment_hook('TEL', 'pythonpath')
[7.947s] INFO:colcon.colcon_core.shell:Creating environment hook '/home/tel/robot_ros/install/TEL/share/TEL/hook/pythonpath.ps1'
[7.948s] INFO:colcon.colcon_core.shell:Creating environment descriptor '/home/tel/robot_ros/install/TEL/share/TEL/hook/pythonpath.dsv'
[7.949s] INFO:colcon.colcon_core.shell:Creating environment hook '/home/tel/robot_ros/install/TEL/share/TEL/hook/pythonpath.sh'
[7.951s] Level 1:colcon.colcon_core.environment:checking '/home/tel/robot_ros/install/TEL/bin'
[7.951s] Level 1:colcon.colcon_core.environment:create_environment_scripts_only(TEL)
[7.984s] INFO:colcon.colcon_core.shell:Creating package script '/home/tel/robot_ros/install/TEL/share/TEL/package.ps1'
[7.988s] INFO:colcon.colcon_core.shell:Creating package descriptor '/home/tel/robot_ros/install/TEL/share/TEL/package.dsv'
[7.991s] INFO:colcon.colcon_core.shell:Creating package script '/home/tel/robot_ros/install/TEL/share/TEL/package.sh'
[7.995s] INFO:colcon.colcon_core.shell:Creating package script '/home/tel/robot_ros/install/TEL/share/TEL/package.bash'
[8.000s] INFO:colcon.colcon_core.shell:Creating package script '/home/tel/robot_ros/install/TEL/share/TEL/package.zsh'
[8.005s] Level 1:colcon.colcon_core.environment:create_file_with_runtime_dependencies(/home/tel/robot_ros/install/TEL/share/colcon-core/packages/TEL)
[8.006s] DEBUG:colcon.colcon_parallel_executor.executor.parallel:closing loop
[8.008s] DEBUG:colcon.colcon_parallel_executor.executor.parallel:loop closed
[8.008s] DEBUG:colcon.colcon_parallel_executor.executor.parallel:run_until_complete finished with '0'
[8.009s] DEBUG:colcon.colcon_core.event_reactor:joining thread
[8.067s] INFO:colcon.colcon_core.plugin_system:Skipping extension 'colcon_notification.desktop_notification.notify_send': Could not find 'notify-send'
[8.067s] INFO:colcon.colcon_core.plugin_system:Skipping extension 'colcon_notification.desktop_notification.terminal_notifier': Not used on non-Darwin systems
[8.067s] INFO:colcon.colcon_core.plugin_system:Skipping extension 'colcon_notification.desktop_notification.win32': Not used on non-Windows systems
[8.068s] INFO:colcon.colcon_notification.desktop_notification:Sending desktop notification using 'notify2'
[8.097s] DEBUG:colcon.colcon_notification.desktop_notification.notify2:Failed to initialize notify2: org.freedesktop.DBus.Error.ServiceUnknown: The name org.freedesktop.Notifications was not provided by any .service files
[8.097s] DEBUG:colcon.colcon_core.event_reactor:joined thread
[8.138s] INFO:colcon.colcon_core.shell:Creating prefix script '/home/tel/robot_ros/install/local_setup.ps1'
[8.148s] INFO:colcon.colcon_core.shell:Creating prefix util module '/home/tel/robot_ros/install/_local_setup_util_ps1.py'
[8.160s] INFO:colcon.colcon_core.shell:Creating prefix chain script '/home/tel/robot_ros/install/setup.ps1'
[8.198s] INFO:colcon.colcon_core.shell:Creating prefix script '/home/tel/robot_ros/install/local_setup.sh'
[8.210s] INFO:colcon.colcon_core.shell:Creating prefix util module '/home/tel/robot_ros/install/_local_setup_util_sh.py'
[8.212s] INFO:colcon.colcon_core.shell:Creating prefix chain script '/home/tel/robot_ros/install/setup.sh'
[8.251s] INFO:colcon.colcon_core.shell:Creating prefix script '/home/tel/robot_ros/install/local_setup.bash'
[8.257s] INFO:colcon.colcon_core.shell:Creating prefix chain script '/home/tel/robot_ros/install/setup.bash'
[8.296s] INFO:colcon.colcon_core.shell:Creating prefix script '/home/tel/robot_ros/install/local_setup.zsh'
[8.300s] INFO:colcon.colcon_core.shell:Creating prefix chain script '/home/tel/robot_ros/install/setup.zsh'
