[2.552s] Invoking command in '/home/tel/robot_ros/src/TEL': PYTHONPATH=/home/tel/robot_ros/build/TEL/prefix_override:/home/tel/robot_ros/install/TEL/lib/python3.10/site-packages: /usr/bin/python3 setup.py egg_info --egg-base ../../build/TEL build --build-base /home/tel/robot_ros/build/TEL/build install --record /home/tel/robot_ros/build/TEL/install.log --single-version-externally-managed
[3.198s] running egg_info
[3.199s] writing ../../build/TEL/TEL.egg-info/PKG-INFO
[3.201s] writing dependency_links to ../../build/TEL/TEL.egg-info/dependency_links.txt
[3.202s] writing entry points to ../../build/TEL/TEL.egg-info/entry_points.txt
[3.203s] writing requirements to ../../build/TEL/TEL.egg-info/requires.txt
[3.203s] writing top-level names to ../../build/TEL/TEL.egg-info/top_level.txt
[3.211s] reading manifest file '../../build/TEL/TEL.egg-info/SOURCES.txt'
[3.216s] writing manifest file '../../build/TEL/TEL.egg-info/SOURCES.txt'
[3.217s] running build
[3.217s] running build_py
[3.230s] running install
[3.232s] /usr/lib/python3/dist-packages/setuptools/command/install.py:34: SetuptoolsDeprecationWarning: setup.py install is deprecated. Use build and pip and other standards-based tools.
[3.232s]   warnings.warn(
[3.233s] running install_lib
[3.248s] byte-compiling /home/tel/robot_ros/install/TEL/lib/python3.10/site-packages/TEL/shooter_CIM_test_pub.py to shooter_CIM_test_pub.cpython-310.pyc
[3.249s] Sorry: IndentationError: unexpected indent (shooter_CIM_test_pub.py, line 34)
[3.250s] running install_data
[3.253s] running install_egg_info
[3.258s] removing '/home/tel/robot_ros/install/TEL/lib/python3.10/site-packages/TEL-0.0.0-py3.10.egg-info' (and everything under it)
[3.259s] Copying ../../build/TEL/TEL.egg-info to /home/tel/robot_ros/install/TEL/lib/python3.10/site-packages/TEL-0.0.0-py3.10.egg-info
[3.264s] running install_scripts
[3.333s] Installing bottom_linear_sub script to /home/tel/robot_ros/install/TEL/lib/TEL
[3.338s] Installing bottom_linear_test_pub script to /home/tel/robot_ros/install/TEL/lib/TEL
[3.338s] Installing camera_servo_sub script to /home/tel/robot_ros/install/TEL/lib/TEL
[3.339s] Installing camera_servo_test_pub script to /home/tel/robot_ros/install/TEL/lib/TEL
[3.339s] Installing load1_servo_sub script to /home/tel/robot_ros/install/TEL/lib/TEL
[3.340s] Installing load1_servo_test_pub script to /home/tel/robot_ros/install/TEL/lib/TEL
[3.340s] Installing server script to /home/tel/robot_ros/install/TEL/lib/TEL
[3.341s] Installing shooter_CIM_sub script to /home/tel/robot_ros/install/TEL/lib/TEL
[3.342s] Installing shooter_CIM_test_pub script to /home/tel/robot_ros/install/TEL/lib/TEL
[3.343s] Installing shooter_servo_sub script to /home/tel/robot_ros/install/TEL/lib/TEL
[3.343s] Installing shooter_servo_test_pub script to /home/tel/robot_ros/install/TEL/lib/TEL
[3.344s] Installing stepper_sub script to /home/tel/robot_ros/install/TEL/lib/TEL
[3.344s] Installing stepper_test_pub script to /home/tel/robot_ros/install/TEL/lib/TEL
[3.345s] Installing up_linear_sub script to /home/tel/robot_ros/install/TEL/lib/TEL
[3.346s] Installing up_linear_test_pub script to /home/tel/robot_ros/install/TEL/lib/TEL
[3.346s] Installing wheel_sub script to /home/tel/robot_ros/install/TEL/lib/TEL
[3.347s] Installing wheel_test_pub script to /home/tel/robot_ros/install/TEL/lib/TEL
[3.352s] writing list of installed files to '/home/tel/robot_ros/build/TEL/install.log'
[3.440s] Invoked command in '/home/tel/robot_ros/src/TEL' returned '0': PYTHONPATH=/home/tel/robot_ros/build/TEL/prefix_override:/home/tel/robot_ros/install/TEL/lib/python3.10/site-packages: /usr/bin/python3 setup.py egg_info --egg-base ../../build/TEL build --build-base /home/tel/robot_ros/build/TEL/build install --record /home/tel/robot_ros/build/TEL/install.log --single-version-externally-managed
