/home/tel/robot_ros/install/TEL/lib/python3.10/site-packages/TEL/stepper_test_pub.py
/home/tel/robot_ros/install/TEL/lib/python3.10/site-packages/TEL/parameter.py
/home/tel/robot_ros/install/TEL/lib/python3.10/site-packages/TEL/camera_servo_test_pub.py
/home/tel/robot_ros/install/TEL/lib/python3.10/site-packages/TEL/shooter_servo_sub.py
/home/tel/robot_ros/install/TEL/lib/python3.10/site-packages/TEL/shooter_servo_test_pub.py
/home/tel/robot_ros/install/TEL/lib/python3.10/site-packages/TEL/shooter_CIM_sub.py
/home/tel/robot_ros/install/TEL/lib/python3.10/site-packages/TEL/up_linear_sub.py
/home/tel/robot_ros/install/TEL/lib/python3.10/site-packages/TEL/__init__.py
/home/tel/robot_ros/install/TEL/lib/python3.10/site-packages/TEL/servo.py
/home/tel/robot_ros/install/TEL/lib/python3.10/site-packages/TEL/up_linear_test_pub.py
/home/tel/robot_ros/install/TEL/lib/python3.10/site-packages/TEL/load1_servo_test_pub.py
/home/tel/robot_ros/install/TEL/lib/python3.10/site-packages/TEL/wheel_sub.py
/home/tel/robot_ros/install/TEL/lib/python3.10/site-packages/TEL/nonblocking_delay.py
/home/tel/robot_ros/install/TEL/lib/python3.10/site-packages/TEL/camera_servo_sub.py
/home/tel/robot_ros/install/TEL/lib/python3.10/site-packages/TEL/load1_servo_sub.py
/home/tel/robot_ros/install/TEL/lib/python3.10/site-packages/TEL/bottom_linear_sub.py
/home/tel/robot_ros/install/TEL/lib/python3.10/site-packages/TEL/stepper_sub.py
/home/tel/robot_ros/install/TEL/lib/python3.10/site-packages/TEL/linear_sub_old.py
/home/tel/robot_ros/install/TEL/lib/python3.10/site-packages/TEL/wheel_test_pub.py
/home/tel/robot_ros/install/TEL/lib/python3.10/site-packages/TEL/bottom_linear_test_pub.py
/home/tel/robot_ros/install/TEL/lib/python3.10/site-packages/TEL/shooter_CIM_test_pub.py
/home/tel/robot_ros/install/TEL/lib/python3.10/site-packages/TEL/server/server.back.py
/home/tel/robot_ros/install/TEL/lib/python3.10/site-packages/TEL/server/__init__.py
/home/tel/robot_ros/install/TEL/lib/python3.10/site-packages/TEL/server/server.py
/home/tel/robot_ros/install/TEL/lib/python3.10/site-packages/TEL/server/types/route.py
/home/tel/robot_ros/install/TEL/lib/python3.10/site-packages/TEL/server/types/__init__.py
/home/tel/robot_ros/install/TEL/lib/python3.10/site-packages/TEL/server/types/state.py
/home/tel/robot_ros/install/TEL/lib/python3.10/site-packages/TEL/server/routes/load.py
/home/tel/robot_ros/install/TEL/lib/python3.10/site-packages/TEL/server/routes/move.py
/home/tel/robot_ros/install/TEL/lib/python3.10/site-packages/TEL/server/routes/__init__.py
/home/tel/robot_ros/install/TEL/lib/python3.10/site-packages/TEL/server/routes/turn.py
/home/tel/robot_ros/install/TEL/lib/python3.10/site-packages/TEL/server/routes/shooter.py
/home/tel/robot_ros/install/TEL/lib/python3.10/site-packages/TEL/server/routes/rise.py
/home/tel/robot_ros/install/TEL/lib/python3.10/site-packages/TEL/server/routes/shoot.py
/home/tel/robot_ros/install/TEL/lib/python3.10/site-packages/TEL/server/routes/turn_camera.py
/home/tel/robot_ros/install/TEL/lib/python3.10/site-packages/TEL/server/routes/shooter_rise.py
/home/tel/robot_ros/install/TEL/lib/python3.10/site-packages/TEL/__pycache__/stepper_test_pub.cpython-310.pyc
/home/tel/robot_ros/install/TEL/lib/python3.10/site-packages/TEL/__pycache__/parameter.cpython-310.pyc
/home/tel/robot_ros/install/TEL/lib/python3.10/site-packages/TEL/__pycache__/camera_servo_test_pub.cpython-310.pyc
/home/tel/robot_ros/install/TEL/lib/python3.10/site-packages/TEL/__pycache__/shooter_servo_sub.cpython-310.pyc
/home/tel/robot_ros/install/TEL/lib/python3.10/site-packages/TEL/__pycache__/shooter_servo_test_pub.cpython-310.pyc
/home/tel/robot_ros/install/TEL/lib/python3.10/site-packages/TEL/__pycache__/shooter_CIM_sub.cpython-310.pyc
/home/tel/robot_ros/install/TEL/lib/python3.10/site-packages/TEL/__pycache__/up_linear_sub.cpython-310.pyc
/home/tel/robot_ros/install/TEL/lib/python3.10/site-packages/TEL/__pycache__/__init__.cpython-310.pyc
/home/tel/robot_ros/install/TEL/lib/python3.10/site-packages/TEL/__pycache__/servo.cpython-310.pyc
/home/tel/robot_ros/install/TEL/lib/python3.10/site-packages/TEL/__pycache__/up_linear_test_pub.cpython-310.pyc
/home/tel/robot_ros/install/TEL/lib/python3.10/site-packages/TEL/__pycache__/load1_servo_test_pub.cpython-310.pyc
/home/tel/robot_ros/install/TEL/lib/python3.10/site-packages/TEL/__pycache__/wheel_sub.cpython-310.pyc
/home/tel/robot_ros/install/TEL/lib/python3.10/site-packages/TEL/__pycache__/nonblocking_delay.cpython-310.pyc
/home/tel/robot_ros/install/TEL/lib/python3.10/site-packages/TEL/__pycache__/camera_servo_sub.cpython-310.pyc
/home/tel/robot_ros/install/TEL/lib/python3.10/site-packages/TEL/__pycache__/load1_servo_sub.cpython-310.pyc
/home/tel/robot_ros/install/TEL/lib/python3.10/site-packages/TEL/__pycache__/bottom_linear_sub.cpython-310.pyc
/home/tel/robot_ros/install/TEL/lib/python3.10/site-packages/TEL/__pycache__/stepper_sub.cpython-310.pyc
/home/tel/robot_ros/install/TEL/lib/python3.10/site-packages/TEL/__pycache__/linear_sub_old.cpython-310.pyc
/home/tel/robot_ros/install/TEL/lib/python3.10/site-packages/TEL/__pycache__/wheel_test_pub.cpython-310.pyc
/home/tel/robot_ros/install/TEL/lib/python3.10/site-packages/TEL/__pycache__/bottom_linear_test_pub.cpython-310.pyc
/home/tel/robot_ros/install/TEL/lib/python3.10/site-packages/TEL/__pycache__/shooter_CIM_test_pub.cpython-310.pyc
/home/tel/robot_ros/install/TEL/lib/python3.10/site-packages/TEL/server/__pycache__/server.back.cpython-310.pyc
/home/tel/robot_ros/install/TEL/lib/python3.10/site-packages/TEL/server/__pycache__/__init__.cpython-310.pyc
/home/tel/robot_ros/install/TEL/lib/python3.10/site-packages/TEL/server/__pycache__/server.cpython-310.pyc
/home/tel/robot_ros/install/TEL/lib/python3.10/site-packages/TEL/server/types/__pycache__/route.cpython-310.pyc
/home/tel/robot_ros/install/TEL/lib/python3.10/site-packages/TEL/server/types/__pycache__/__init__.cpython-310.pyc
/home/tel/robot_ros/install/TEL/lib/python3.10/site-packages/TEL/server/types/__pycache__/state.cpython-310.pyc
/home/tel/robot_ros/install/TEL/lib/python3.10/site-packages/TEL/server/routes/__pycache__/load.cpython-310.pyc
/home/tel/robot_ros/install/TEL/lib/python3.10/site-packages/TEL/server/routes/__pycache__/move.cpython-310.pyc
/home/tel/robot_ros/install/TEL/lib/python3.10/site-packages/TEL/server/routes/__pycache__/__init__.cpython-310.pyc
/home/tel/robot_ros/install/TEL/lib/python3.10/site-packages/TEL/server/routes/__pycache__/turn.cpython-310.pyc
/home/tel/robot_ros/install/TEL/lib/python3.10/site-packages/TEL/server/routes/__pycache__/shooter.cpython-310.pyc
/home/tel/robot_ros/install/TEL/lib/python3.10/site-packages/TEL/server/routes/__pycache__/rise.cpython-310.pyc
/home/tel/robot_ros/install/TEL/lib/python3.10/site-packages/TEL/server/routes/__pycache__/shoot.cpython-310.pyc
/home/tel/robot_ros/install/TEL/lib/python3.10/site-packages/TEL/server/routes/__pycache__/turn_camera.cpython-310.pyc
/home/tel/robot_ros/install/TEL/lib/python3.10/site-packages/TEL/server/routes/__pycache__/shooter_rise.cpython-310.pyc
/home/tel/robot_ros/install/TEL/share/ament_index/resource_index/packages/TEL
/home/tel/robot_ros/install/TEL/share/TEL/package.xml
/home/tel/robot_ros/install/TEL/lib/python3.10/site-packages/TEL-0.0.0-py3.10.egg-info/dependency_links.txt
/home/tel/robot_ros/install/TEL/lib/python3.10/site-packages/TEL-0.0.0-py3.10.egg-info/PKG-INFO
/home/tel/robot_ros/install/TEL/lib/python3.10/site-packages/TEL-0.0.0-py3.10.egg-info/entry_points.txt
/home/tel/robot_ros/install/TEL/lib/python3.10/site-packages/TEL-0.0.0-py3.10.egg-info/requires.txt
/home/tel/robot_ros/install/TEL/lib/python3.10/site-packages/TEL-0.0.0-py3.10.egg-info/SOURCES.txt
/home/tel/robot_ros/install/TEL/lib/python3.10/site-packages/TEL-0.0.0-py3.10.egg-info/zip-safe
/home/tel/robot_ros/install/TEL/lib/python3.10/site-packages/TEL-0.0.0-py3.10.egg-info/top_level.txt
/home/tel/robot_ros/install/TEL/lib/TEL/bottom_linear_sub
/home/tel/robot_ros/install/TEL/lib/TEL/bottom_linear_test_pub
/home/tel/robot_ros/install/TEL/lib/TEL/camera_servo_sub
/home/tel/robot_ros/install/TEL/lib/TEL/camera_servo_test_pub
/home/tel/robot_ros/install/TEL/lib/TEL/load1_servo_sub
/home/tel/robot_ros/install/TEL/lib/TEL/load1_servo_test_pub
/home/tel/robot_ros/install/TEL/lib/TEL/server
/home/tel/robot_ros/install/TEL/lib/TEL/shooter_CIM_sub
/home/tel/robot_ros/install/TEL/lib/TEL/shooter_CIM_test_pub
/home/tel/robot_ros/install/TEL/lib/TEL/shooter_servo_sub
/home/tel/robot_ros/install/TEL/lib/TEL/shooter_servo_test_pub
/home/tel/robot_ros/install/TEL/lib/TEL/stepper_sub
/home/tel/robot_ros/install/TEL/lib/TEL/stepper_test_pub
/home/tel/robot_ros/install/TEL/lib/TEL/up_linear_sub
/home/tel/robot_ros/install/TEL/lib/TEL/up_linear_test_pub
/home/tel/robot_ros/install/TEL/lib/TEL/wheel_sub
/home/tel/robot_ros/install/TEL/lib/TEL/wheel_test_pub
