[2.692s] Invoking command in '/home/tel/robot_ros/src/TEL': PYTHONPATH=/home/tel/robot_ros/build/TEL/prefix_override:/home/tel/robot_ros/install/TEL/lib/python3.10/site-packages: /usr/bin/python3 setup.py egg_info --egg-base ../../build/TEL build --build-base /home/tel/robot_ros/build/TEL/build install --record /home/tel/robot_ros/build/TEL/install.log --single-version-externally-managed
[3.387s] running egg_info
[3.389s] writing ../../build/TEL/TEL.egg-info/PKG-INFO
[3.467s] writing dependency_links to ../../build/TEL/TEL.egg-info/dependency_links.txt
[3.469s] writing entry points to ../../build/TEL/TEL.egg-info/entry_points.txt
[3.470s] writing requirements to ../../build/TEL/TEL.egg-info/requires.txt
[3.471s] writing top-level names to ../../build/TEL/TEL.egg-info/top_level.txt
[3.514s] reading manifest file '../../build/TEL/TEL.egg-info/SOURCES.txt'
[3.522s] writing manifest file '../../build/TEL/TEL.egg-info/SOURCES.txt'
[3.523s] running build
[3.523s] running build_py
[3.538s] running install
[3.539s] /usr/lib/python3/dist-packages/setuptools/command/install.py:34: SetuptoolsDeprecationWarning: setup.py install is deprecated. Use build and pip and other standards-based tools.
[3.539s]   warnings.warn(
[3.540s] running install_lib
[3.555s] byte-compiling /home/tel/robot_ros/install/TEL/lib/python3.10/site-packages/TEL/shooter_CIM_test_pub.py to shooter_CIM_test_pub.cpython-310.pyc
[3.557s] Sorry: IndentationError: unexpected indent (shooter_CIM_test_pub.py, line 34)
[3.558s] running install_data
[3.560s] running install_egg_info
[3.567s] removing '/home/tel/robot_ros/install/TEL/lib/python3.10/site-packages/TEL-0.0.0-py3.10.egg-info' (and everything under it)
[3.570s] Copying ../../build/TEL/TEL.egg-info to /home/tel/robot_ros/install/TEL/lib/python3.10/site-packages/TEL-0.0.0-py3.10.egg-info
[3.574s] running install_scripts
[3.639s] Installing bottom_linear_sub script to /home/tel/robot_ros/install/TEL/lib/TEL
[3.640s] Installing bottom_linear_test_pub script to /home/tel/robot_ros/install/TEL/lib/TEL
[3.641s] Installing camera_servo_sub script to /home/tel/robot_ros/install/TEL/lib/TEL
[3.642s] Installing camera_servo_test_pub script to /home/tel/robot_ros/install/TEL/lib/TEL
[3.642s] Installing load1_servo_sub script to /home/tel/robot_ros/install/TEL/lib/TEL
[3.643s] Installing load1_servo_test_pub script to /home/tel/robot_ros/install/TEL/lib/TEL
[3.643s] Installing server script to /home/tel/robot_ros/install/TEL/lib/TEL
[3.644s] Installing shooter_CIM_sub script to /home/tel/robot_ros/install/TEL/lib/TEL
[3.645s] Installing shooter_CIM_test_pub script to /home/tel/robot_ros/install/TEL/lib/TEL
[3.645s] Installing shooter_servo_sub script to /home/tel/robot_ros/install/TEL/lib/TEL
[3.646s] Installing shooter_servo_test_pub script to /home/tel/robot_ros/install/TEL/lib/TEL
[3.646s] Installing stepper_sub script to /home/tel/robot_ros/install/TEL/lib/TEL
[3.647s] Installing stepper_test_pub script to /home/tel/robot_ros/install/TEL/lib/TEL
[3.648s] Installing up_linear_sub script to /home/tel/robot_ros/install/TEL/lib/TEL
[3.648s] Installing up_linear_test_pub script to /home/tel/robot_ros/install/TEL/lib/TEL
[3.648s] Installing wheel_sub script to /home/tel/robot_ros/install/TEL/lib/TEL
[3.649s] Installing wheel_test_pub script to /home/tel/robot_ros/install/TEL/lib/TEL
[3.653s] writing list of installed files to '/home/tel/robot_ros/build/TEL/install.log'
[3.741s] Invoked command in '/home/tel/robot_ros/src/TEL' returned '0': PYTHONPATH=/home/tel/robot_ros/build/TEL/prefix_override:/home/tel/robot_ros/install/TEL/lib/python3.10/site-packages: /usr/bin/python3 setup.py egg_info --egg-base ../../build/TEL build --build-base /home/tel/robot_ros/build/TEL/build install --record /home/tel/robot_ros/build/TEL/install.log --single-version-externally-managed
