running egg_info
writing ../../build/TEL/TEL.egg-info/PKG-INFO
writing dependency_links to ../../build/TEL/TEL.egg-info/dependency_links.txt
writing entry points to ../../build/TEL/TEL.egg-info/entry_points.txt
writing requirements to ../../build/TEL/TEL.egg-info/requires.txt
writing top-level names to ../../build/TEL/TEL.egg-info/top_level.txt
reading manifest file '../../build/TEL/TEL.egg-info/SOURCES.txt'
writing manifest file '../../build/TEL/TEL.egg-info/SOURCES.txt'
running build
running build_py
running install
/usr/lib/python3/dist-packages/setuptools/command/install.py:34: SetuptoolsDeprecationWarning: setup.py install is deprecated. Use build and pip and other standards-based tools.
  warnings.warn(
running install_lib
byte-compiling /home/tel/robot_ros/install/TEL/lib/python3.10/site-packages/TEL/shooter_servo_sub.py to shooter_servo_sub.cpython-310.pyc
byte-compiling /home/tel/robot_ros/install/TEL/lib/python3.10/site-packages/TEL/shooter_CIM_sub.py to shooter_CIM_sub.cpython-310.pyc
byte-compiling /home/tel/robot_ros/install/TEL/lib/python3.10/site-packages/TEL/server/server.back.py to server.back.cpython-310.pyc
byte-compiling /home/tel/robot_ros/install/TEL/lib/python3.10/site-packages/TEL/server/__init__.py to __init__.cpython-310.pyc
byte-compiling /home/tel/robot_ros/install/TEL/lib/python3.10/site-packages/TEL/server/types/route.py to route.cpython-310.pyc
byte-compiling /home/tel/robot_ros/install/TEL/lib/python3.10/site-packages/TEL/server/types/__init__.py to __init__.cpython-310.pyc
byte-compiling /home/tel/robot_ros/install/TEL/lib/python3.10/site-packages/TEL/server/types/state.py to state.cpython-310.pyc
byte-compiling /home/tel/robot_ros/install/TEL/lib/python3.10/site-packages/TEL/server/routes/load.py to load.cpython-310.pyc
byte-compiling /home/tel/robot_ros/install/TEL/lib/python3.10/site-packages/TEL/server/routes/move.py to move.cpython-310.pyc
byte-compiling /home/tel/robot_ros/install/TEL/lib/python3.10/site-packages/TEL/server/routes/__init__.py to __init__.cpython-310.pyc
byte-compiling /home/tel/robot_ros/install/TEL/lib/python3.10/site-packages/TEL/server/routes/turn.py to turn.cpython-310.pyc
byte-compiling /home/tel/robot_ros/install/TEL/lib/python3.10/site-packages/TEL/server/routes/shooter.py to shooter.cpython-310.pyc
byte-compiling /home/tel/robot_ros/install/TEL/lib/python3.10/site-packages/TEL/server/routes/rise.py to rise.cpython-310.pyc
byte-compiling /home/tel/robot_ros/install/TEL/lib/python3.10/site-packages/TEL/server/routes/shoot.py to shoot.cpython-310.pyc
byte-compiling /home/tel/robot_ros/install/TEL/lib/python3.10/site-packages/TEL/server/routes/turn_camera.py to turn_camera.cpython-310.pyc
byte-compiling /home/tel/robot_ros/install/TEL/lib/python3.10/site-packages/TEL/server/routes/shooter_rise.py to shooter_rise.cpython-310.pyc
byte-compiling /home/tel/robot_ros/install/TEL/lib/python3.10/site-packages/TEL/bottom_linear_sub.py to bottom_linear_sub.cpython-310.pyc
byte-compiling /home/tel/robot_ros/install/TEL/lib/python3.10/site-packages/TEL/shooter_CIM_test_pub.py to shooter_CIM_test_pub.cpython-310.pyc
Sorry: IndentationError: unexpected indent (shooter_CIM_test_pub.py, line 34)
running install_data
running install_egg_info
removing '/home/tel/robot_ros/install/TEL/lib/python3.10/site-packages/TEL-0.0.0-py3.10.egg-info' (and everything under it)
Copying ../../build/TEL/TEL.egg-info to /home/tel/robot_ros/install/TEL/lib/python3.10/site-packages/TEL-0.0.0-py3.10.egg-info
running install_scripts
Installing bottom_linear_sub script to /home/tel/robot_ros/install/TEL/lib/TEL
Installing bottom_linear_test_pub script to /home/tel/robot_ros/install/TEL/lib/TEL
Installing camera_servo_sub script to /home/tel/robot_ros/install/TEL/lib/TEL
Installing camera_servo_test_pub script to /home/tel/robot_ros/install/TEL/lib/TEL
Installing load1_servo_sub script to /home/tel/robot_ros/install/TEL/lib/TEL
Installing load1_servo_test_pub script to /home/tel/robot_ros/install/TEL/lib/TEL
Installing server script to /home/tel/robot_ros/install/TEL/lib/TEL
Installing shooter_CIM_sub script to /home/tel/robot_ros/install/TEL/lib/TEL
Installing shooter_CIM_test_pub script to /home/tel/robot_ros/install/TEL/lib/TEL
Installing shooter_servo_sub script to /home/tel/robot_ros/install/TEL/lib/TEL
Installing shooter_servo_test_pub script to /home/tel/robot_ros/install/TEL/lib/TEL
Installing stepper_sub script to /home/tel/robot_ros/install/TEL/lib/TEL
Installing stepper_test_pub script to /home/tel/robot_ros/install/TEL/lib/TEL
Installing up_linear_sub script to /home/tel/robot_ros/install/TEL/lib/TEL
Installing up_linear_test_pub script to /home/tel/robot_ros/install/TEL/lib/TEL
Installing wheel_sub script to /home/tel/robot_ros/install/TEL/lib/TEL
Installing wheel_test_pub script to /home/tel/robot_ros/install/TEL/lib/TEL
writing list of installed files to '/home/tel/robot_ros/build/TEL/install.log'
