[2.706s] Invoking command in '/home/tel/robot_ros/src/TEL': PYTHONPATH=/home/tel/robot_ros/build/TEL/prefix_override:/home/tel/robot_ros/install/TEL/lib/python3.10/site-packages: /usr/bin/python3 setup.py egg_info --egg-base ../../build/TEL build --build-base /home/tel/robot_ros/build/TEL/build install --record /home/tel/robot_ros/build/TEL/install.log --single-version-externally-managed
[3.384s] running egg_info
[3.386s] writing ../../build/TEL/TEL.egg-info/PKG-INFO
[3.388s] writing dependency_links to ../../build/TEL/TEL.egg-info/dependency_links.txt
[3.389s] writing entry points to ../../build/TEL/TEL.egg-info/entry_points.txt
[3.390s] writing requirements to ../../build/TEL/TEL.egg-info/requires.txt
[3.390s] writing top-level names to ../../build/TEL/TEL.egg-info/top_level.txt
[3.399s] reading manifest file '../../build/TEL/TEL.egg-info/SOURCES.txt'
[3.403s] writing manifest file '../../build/TEL/TEL.egg-info/SOURCES.txt'
[3.404s] running build
[3.404s] running build_py
[3.416s] running install
[3.418s] /usr/lib/python3/dist-packages/setuptools/command/install.py:34: SetuptoolsDeprecationWarning: setup.py install is deprecated. Use build and pip and other standards-based tools.
[3.418s]   warnings.warn(
[3.419s] running install_lib
[3.430s] byte-compiling /home/tel/robot_ros/install/TEL/lib/python3.10/site-packages/TEL/shooter_servo_sub.py to shooter_servo_sub.cpython-310.pyc
[3.434s] byte-compiling /home/tel/robot_ros/install/TEL/lib/python3.10/site-packages/TEL/shooter_CIM_sub.py to shooter_CIM_sub.cpython-310.pyc
[3.438s] byte-compiling /home/tel/robot_ros/install/TEL/lib/python3.10/site-packages/TEL/server/server.back.py to server.back.cpython-310.pyc
[3.441s] byte-compiling /home/tel/robot_ros/install/TEL/lib/python3.10/site-packages/TEL/server/__init__.py to __init__.cpython-310.pyc
[3.447s] byte-compiling /home/tel/robot_ros/install/TEL/lib/python3.10/site-packages/TEL/server/types/route.py to route.cpython-310.pyc
[3.449s] byte-compiling /home/tel/robot_ros/install/TEL/lib/python3.10/site-packages/TEL/server/types/__init__.py to __init__.cpython-310.pyc
[3.450s] byte-compiling /home/tel/robot_ros/install/TEL/lib/python3.10/site-packages/TEL/server/types/state.py to state.cpython-310.pyc
[3.455s] byte-compiling /home/tel/robot_ros/install/TEL/lib/python3.10/site-packages/TEL/server/routes/load.py to load.cpython-310.pyc
[3.458s] byte-compiling /home/tel/robot_ros/install/TEL/lib/python3.10/site-packages/TEL/server/routes/move.py to move.cpython-310.pyc
[3.461s] byte-compiling /home/tel/robot_ros/install/TEL/lib/python3.10/site-packages/TEL/server/routes/__init__.py to __init__.cpython-310.pyc
[3.464s] byte-compiling /home/tel/robot_ros/install/TEL/lib/python3.10/site-packages/TEL/server/routes/turn.py to turn.cpython-310.pyc
[3.467s] byte-compiling /home/tel/robot_ros/install/TEL/lib/python3.10/site-packages/TEL/server/routes/shooter.py to shooter.cpython-310.pyc
[3.470s] byte-compiling /home/tel/robot_ros/install/TEL/lib/python3.10/site-packages/TEL/server/routes/rise.py to rise.cpython-310.pyc
[3.473s] byte-compiling /home/tel/robot_ros/install/TEL/lib/python3.10/site-packages/TEL/server/routes/shoot.py to shoot.cpython-310.pyc
[3.476s] byte-compiling /home/tel/robot_ros/install/TEL/lib/python3.10/site-packages/TEL/server/routes/turn_camera.py to turn_camera.cpython-310.pyc
[3.479s] byte-compiling /home/tel/robot_ros/install/TEL/lib/python3.10/site-packages/TEL/server/routes/shooter_rise.py to shooter_rise.cpython-310.pyc
[3.483s] byte-compiling /home/tel/robot_ros/install/TEL/lib/python3.10/site-packages/TEL/bottom_linear_sub.py to bottom_linear_sub.cpython-310.pyc
[3.487s] byte-compiling /home/tel/robot_ros/install/TEL/lib/python3.10/site-packages/TEL/shooter_CIM_test_pub.py to shooter_CIM_test_pub.cpython-310.pyc
[3.489s] Sorry: IndentationError: unexpected indent (shooter_CIM_test_pub.py, line 34)
[3.490s] running install_data
[3.493s] running install_egg_info
[3.499s] removing '/home/tel/robot_ros/install/TEL/lib/python3.10/site-packages/TEL-0.0.0-py3.10.egg-info' (and everything under it)
[3.500s] Copying ../../build/TEL/TEL.egg-info to /home/tel/robot_ros/install/TEL/lib/python3.10/site-packages/TEL-0.0.0-py3.10.egg-info
[3.504s] running install_scripts
[3.568s] Installing bottom_linear_sub script to /home/tel/robot_ros/install/TEL/lib/TEL
[3.569s] Installing bottom_linear_test_pub script to /home/tel/robot_ros/install/TEL/lib/TEL
[3.570s] Installing camera_servo_sub script to /home/tel/robot_ros/install/TEL/lib/TEL
[3.571s] Installing camera_servo_test_pub script to /home/tel/robot_ros/install/TEL/lib/TEL
[3.571s] Installing load1_servo_sub script to /home/tel/robot_ros/install/TEL/lib/TEL
[3.572s] Installing load1_servo_test_pub script to /home/tel/robot_ros/install/TEL/lib/TEL
[3.572s] Installing server script to /home/tel/robot_ros/install/TEL/lib/TEL
[3.573s] Installing shooter_CIM_sub script to /home/tel/robot_ros/install/TEL/lib/TEL
[3.573s] Installing shooter_CIM_test_pub script to /home/tel/robot_ros/install/TEL/lib/TEL
[3.574s] Installing shooter_servo_sub script to /home/tel/robot_ros/install/TEL/lib/TEL
[3.574s] Installing shooter_servo_test_pub script to /home/tel/robot_ros/install/TEL/lib/TEL
[3.575s] Installing stepper_sub script to /home/tel/robot_ros/install/TEL/lib/TEL
[3.575s] Installing stepper_test_pub script to /home/tel/robot_ros/install/TEL/lib/TEL
[3.576s] Installing up_linear_sub script to /home/tel/robot_ros/install/TEL/lib/TEL
[3.576s] Installing up_linear_test_pub script to /home/tel/robot_ros/install/TEL/lib/TEL
[3.577s] Installing wheel_sub script to /home/tel/robot_ros/install/TEL/lib/TEL
[3.578s] Installing wheel_test_pub script to /home/tel/robot_ros/install/TEL/lib/TEL
[3.581s] writing list of installed files to '/home/tel/robot_ros/build/TEL/install.log'
[3.668s] Invoked command in '/home/tel/robot_ros/src/TEL' returned '0': PYTHONPATH=/home/tel/robot_ros/build/TEL/prefix_override:/home/tel/robot_ros/install/TEL/lib/python3.10/site-packages: /usr/bin/python3 setup.py egg_info --egg-base ../../build/TEL build --build-base /home/tel/robot_ros/build/TEL/build install --record /home/tel/robot_ros/build/TEL/install.log --single-version-externally-managed
