[2.401s] DEBUG:colcon:Command line arguments: ['/usr/bin/colcon', 'build']
[2.401s] DEBUG:colcon:Parsed command line arguments: Namespace(log_base=None, log_level=None, verb_name='build', build_base='build', install_base='install', merge_install=False, symlink_install=False, test_result_base=None, continue_on_error=False, executor='parallel', parallel_workers=4, event_handlers=None, ignore_user_meta=False, metas=['./colcon.meta'], base_paths=['.'], packages_ignore=None, packages_ignore_regex=None, paths=None, packages_up_to=None, packages_up_to_regex=None, packages_above=None, packages_above_and_dependencies=None, packages_above_depth=None, packages_select_by_dep=None, packages_skip_by_dep=None, packages_skip_up_to=None, packages_select_build_failed=False, packages_skip_build_finished=False, packages_select_test_failures=False, packages_skip_test_passed=False, packages_select=None, packages_skip=None, packages_select_regex=None, packages_skip_regex=None, packages_start=None, packages_end=None, allow_overriding=[], cmake_args=None, cmake_target=None, cmake_target_skip_unavailable=False, cmake_clean_cache=False, cmake_clean_first=False, cmake_force_configure=False, ament_cmake_args=None, catkin_cmake_args=None, catkin_skip_building_tests=False, verb_parser=<colcon_defaults.argument_parser.defaults.DefaultArgumentsDecorator object at 0xb5b67340>, verb_extension=<colcon_core.verb.build.BuildVerb object at 0xb5af00b8>, main=<bound method BuildVerb.main of <colcon_core.verb.build.BuildVerb object at 0xb5af00b8>>)
[2.525s] Level 1:colcon.colcon_core.package_discovery:discover_packages(colcon_meta) check parameters
[2.525s] Level 1:colcon.colcon_core.package_discovery:discover_packages(recursive) check parameters
[2.525s] Level 1:colcon.colcon_core.package_discovery:discover_packages(ignore) check parameters
[2.525s] Level 1:colcon.colcon_core.package_discovery:discover_packages(path) check parameters
[2.525s] Level 1:colcon.colcon_core.package_discovery:discover_packages(colcon_meta) discover
[2.526s] Level 1:colcon.colcon_core.package_discovery:discover_packages(recursive) discover
[2.526s] INFO:colcon.colcon_core.package_discovery:Crawling recursively for packages in '/home/tel/robot_ros'
[2.526s] Level 1:colcon.colcon_core.package_identification:_identify(.) by extensions ['ignore', 'ignore_ament_install']
[2.526s] Level 1:colcon.colcon_core.package_identification:_identify(.) by extension 'ignore'
[2.526s] Level 1:colcon.colcon_core.package_identification:_identify(.) by extension 'ignore_ament_install'
[2.527s] Level 1:colcon.colcon_core.package_identification:_identify(.) by extensions ['colcon_pkg']
[2.527s] Level 1:colcon.colcon_core.package_identification:_identify(.) by extension 'colcon_pkg'
[2.527s] Level 1:colcon.colcon_core.package_identification:_identify(.) by extensions ['colcon_meta']
[2.527s] Level 1:colcon.colcon_core.package_identification:_identify(.) by extension 'colcon_meta'
[2.527s] Level 1:colcon.colcon_core.package_identification:_identify(.) by extensions ['ros']
[2.527s] Level 1:colcon.colcon_core.package_identification:_identify(.) by extension 'ros'
[2.566s] Level 1:colcon.colcon_core.package_identification:_identify(.) by extensions ['cmake', 'python']
[2.566s] Level 1:colcon.colcon_core.package_identification:_identify(.) by extension 'cmake'
[2.566s] Level 1:colcon.colcon_core.package_identification:_identify(.) by extension 'python'
[2.566s] Level 1:colcon.colcon_core.package_identification:_identify(.) by extensions ['python_setup_py']
[2.566s] Level 1:colcon.colcon_core.package_identification:_identify(.) by extension 'python_setup_py'
[2.567s] Level 1:colcon.colcon_core.package_identification:_identify(build) by extensions ['ignore', 'ignore_ament_install']
[2.567s] Level 1:colcon.colcon_core.package_identification:_identify(build) by extension 'ignore'
[2.567s] Level 1:colcon.colcon_core.package_identification:_identify(build) ignored
[2.567s] Level 1:colcon.colcon_core.package_identification:_identify(install) by extensions ['ignore', 'ignore_ament_install']
[2.568s] Level 1:colcon.colcon_core.package_identification:_identify(install) by extension 'ignore'
[2.568s] Level 1:colcon.colcon_core.package_identification:_identify(install) ignored
[2.568s] Level 1:colcon.colcon_core.package_identification:_identify(log) by extensions ['ignore', 'ignore_ament_install']
[2.568s] Level 1:colcon.colcon_core.package_identification:_identify(log) by extension 'ignore'
[2.568s] Level 1:colcon.colcon_core.package_identification:_identify(log) ignored
[2.569s] Level 1:colcon.colcon_core.package_identification:_identify(src) by extensions ['ignore', 'ignore_ament_install']
[2.569s] Level 1:colcon.colcon_core.package_identification:_identify(src) by extension 'ignore'
[2.569s] Level 1:colcon.colcon_core.package_identification:_identify(src) by extension 'ignore_ament_install'
[2.569s] Level 1:colcon.colcon_core.package_identification:_identify(src) by extensions ['colcon_pkg']
[2.569s] Level 1:colcon.colcon_core.package_identification:_identify(src) by extension 'colcon_pkg'
[2.570s] Level 1:colcon.colcon_core.package_identification:_identify(src) by extensions ['colcon_meta']
[2.570s] Level 1:colcon.colcon_core.package_identification:_identify(src) by extension 'colcon_meta'
[2.570s] Level 1:colcon.colcon_core.package_identification:_identify(src) by extensions ['ros']
[2.570s] Level 1:colcon.colcon_core.package_identification:_identify(src) by extension 'ros'
[2.570s] Level 1:colcon.colcon_core.package_identification:_identify(src) by extensions ['cmake', 'python']
[2.570s] Level 1:colcon.colcon_core.package_identification:_identify(src) by extension 'cmake'
[2.570s] Level 1:colcon.colcon_core.package_identification:_identify(src) by extension 'python'
[2.570s] Level 1:colcon.colcon_core.package_identification:_identify(src) by extensions ['python_setup_py']
[2.571s] Level 1:colcon.colcon_core.package_identification:_identify(src) by extension 'python_setup_py'
[2.571s] Level 1:colcon.colcon_core.package_identification:_identify(src/TEL) by extensions ['ignore', 'ignore_ament_install']
[2.571s] Level 1:colcon.colcon_core.package_identification:_identify(src/TEL) by extension 'ignore'
[2.571s] Level 1:colcon.colcon_core.package_identification:_identify(src/TEL) by extension 'ignore_ament_install'
[2.571s] Level 1:colcon.colcon_core.package_identification:_identify(src/TEL) by extensions ['colcon_pkg']
[2.572s] Level 1:colcon.colcon_core.package_identification:_identify(src/TEL) by extension 'colcon_pkg'
[2.572s] Level 1:colcon.colcon_core.package_identification:_identify(src/TEL) by extensions ['colcon_meta']
[2.572s] Level 1:colcon.colcon_core.package_identification:_identify(src/TEL) by extension 'colcon_meta'
[2.572s] Level 1:colcon.colcon_core.package_identification:_identify(src/TEL) by extensions ['ros']
[2.572s] Level 1:colcon.colcon_core.package_identification:_identify(src/TEL) by extension 'ros'
[2.579s] DEBUG:colcon.colcon_core.package_identification:Package 'src/TEL' with type 'ros.ament_python' and name 'TEL'
[2.579s] Level 1:colcon.colcon_core.package_discovery:discover_packages(recursive) using defaults
[2.580s] Level 1:colcon.colcon_core.package_discovery:discover_packages(ignore) discover
[2.580s] Level 1:colcon.colcon_core.package_discovery:discover_packages(ignore) using defaults
[2.580s] Level 1:colcon.colcon_core.package_discovery:discover_packages(path) discover
[2.580s] Level 1:colcon.colcon_core.package_discovery:discover_packages(path) using defaults
[2.802s] Level 1:colcon.colcon_core.package_discovery:discover_packages(prefix_path) check parameters
[2.803s] Level 1:colcon.colcon_core.package_discovery:discover_packages(prefix_path) discover
[2.836s] Level 1:colcon.colcon_core.package_discovery:discover_packages(prefix_path) using defaults
[2.903s] Level 5:colcon.colcon_core.verb:set package 'TEL' build argument 'cmake_args' from command line to 'None'
[2.903s] Level 5:colcon.colcon_core.verb:set package 'TEL' build argument 'cmake_target' from command line to 'None'
[2.903s] Level 5:colcon.colcon_core.verb:set package 'TEL' build argument 'cmake_target_skip_unavailable' from command line to 'False'
[2.904s] Level 5:colcon.colcon_core.verb:set package 'TEL' build argument 'cmake_clean_cache' from command line to 'False'
[2.904s] Level 5:colcon.colcon_core.verb:set package 'TEL' build argument 'cmake_clean_first' from command line to 'False'
[2.904s] Level 5:colcon.colcon_core.verb:set package 'TEL' build argument 'cmake_force_configure' from command line to 'False'
[2.904s] Level 5:colcon.colcon_core.verb:set package 'TEL' build argument 'ament_cmake_args' from command line to 'None'
[2.904s] Level 5:colcon.colcon_core.verb:set package 'TEL' build argument 'catkin_cmake_args' from command line to 'None'
[2.904s] Level 5:colcon.colcon_core.verb:set package 'TEL' build argument 'catkin_skip_building_tests' from command line to 'False'
[2.904s] DEBUG:colcon.colcon_core.verb:Building package 'TEL' with the following arguments: {'ament_cmake_args': None, 'build_base': '/home/tel/robot_ros/build/TEL', 'catkin_cmake_args': None, 'catkin_skip_building_tests': False, 'cmake_args': None, 'cmake_clean_cache': False, 'cmake_clean_first': False, 'cmake_force_configure': False, 'cmake_target': None, 'cmake_target_skip_unavailable': False, 'install_base': '/home/tel/robot_ros/install/TEL', 'merge_install': False, 'path': '/home/tel/robot_ros/src/TEL', 'symlink_install': False, 'test_result_base': None}
[2.936s] INFO:colcon.colcon_core.executor:Executing jobs using 'parallel' executor
[2.971s] DEBUG:colcon.colcon_parallel_executor.executor.parallel:run_until_complete
[2.972s] INFO:colcon.colcon_ros.task.ament_python.build:Building ROS package in '/home/tel/robot_ros/src/TEL' with build type 'ament_python'
[2.973s] Level 1:colcon.colcon_core.shell:create_environment_hook('TEL', 'ament_prefix_path')
[3.011s] INFO:colcon.colcon_core.plugin_system:Skipping extension 'colcon_core.shell.bat': Not used on non-Windows systems
[3.011s] INFO:colcon.colcon_core.shell:Creating environment hook '/home/tel/robot_ros/install/TEL/share/TEL/hook/ament_prefix_path.ps1'
[3.013s] INFO:colcon.colcon_core.shell:Creating environment descriptor '/home/tel/robot_ros/install/TEL/share/TEL/hook/ament_prefix_path.dsv'
[3.015s] INFO:colcon.colcon_core.shell:Creating environment hook '/home/tel/robot_ros/install/TEL/share/TEL/hook/ament_prefix_path.sh'
[3.051s] INFO:colcon.colcon_core.shell:Skip shell extension 'powershell' for command environment: Not usable outside of PowerShell
[3.051s] DEBUG:colcon.colcon_core.shell:Skip shell extension 'dsv' for command environment
[3.826s] INFO:colcon.colcon_core.task.python.build:Building Python package in '/home/tel/robot_ros/src/TEL'
[3.863s] INFO:colcon.colcon_core.shell:Skip shell extension 'powershell' for command environment: Not usable outside of PowerShell
[3.863s] DEBUG:colcon.colcon_core.shell:Skip shell extension 'dsv' for command environment
[5.042s] DEBUG:colcon.colcon_core.event_handler.log_command:Invoking command in '/home/tel/robot_ros/src/TEL': PYTHONPATH=/home/tel/robot_ros/build/TEL/prefix_override:/home/tel/robot_ros/install/TEL/lib/python3.10/site-packages: /usr/bin/python3 setup.py egg_info --egg-base ../../build/TEL build --build-base /home/tel/robot_ros/build/TEL/build install --record /home/tel/robot_ros/build/TEL/install.log --single-version-externally-managed
[5.930s] DEBUG:colcon.colcon_core.event_handler.log_command:Invoked command in '/home/tel/robot_ros/src/TEL' returned '0': PYTHONPATH=/home/tel/robot_ros/build/TEL/prefix_override:/home/tel/robot_ros/install/TEL/lib/python3.10/site-packages: /usr/bin/python3 setup.py egg_info --egg-base ../../build/TEL build --build-base /home/tel/robot_ros/build/TEL/build install --record /home/tel/robot_ros/build/TEL/install.log --single-version-externally-managed
[5.971s] Level 1:colcon.colcon_core.environment:checking '/home/tel/robot_ros/install/TEL' for CMake module files
[5.973s] Level 1:colcon.colcon_core.environment:checking '/home/tel/robot_ros/install/TEL' for CMake config files
[5.975s] Level 1:colcon.colcon_core.environment:checking '/home/tel/robot_ros/install/TEL/lib'
[5.976s] Level 1:colcon.colcon_core.environment:checking '/home/tel/robot_ros/install/TEL/bin'
[5.976s] Level 1:colcon.colcon_core.environment:checking '/home/tel/robot_ros/install/TEL/lib/pkgconfig/TEL.pc'
[5.977s] Level 1:colcon.colcon_core.environment:checking '/home/tel/robot_ros/install/TEL/lib/python3.10/site-packages'
[5.977s] Level 1:colcon.colcon_core.shell:create_environment_hook('TEL', 'pythonpath')
[6.015s] INFO:colcon.colcon_core.shell:Creating environment hook '/home/tel/robot_ros/install/TEL/share/TEL/hook/pythonpath.ps1'
[6.016s] INFO:colcon.colcon_core.shell:Creating environment descriptor '/home/tel/robot_ros/install/TEL/share/TEL/hook/pythonpath.dsv'
[6.017s] INFO:colcon.colcon_core.shell:Creating environment hook '/home/tel/robot_ros/install/TEL/share/TEL/hook/pythonpath.sh'
[6.019s] Level 1:colcon.colcon_core.environment:checking '/home/tel/robot_ros/install/TEL/bin'
[6.019s] Level 1:colcon.colcon_core.environment:create_environment_scripts_only(TEL)
[6.051s] INFO:colcon.colcon_core.shell:Creating package script '/home/tel/robot_ros/install/TEL/share/TEL/package.ps1'
[6.054s] INFO:colcon.colcon_core.shell:Creating package descriptor '/home/tel/robot_ros/install/TEL/share/TEL/package.dsv'
[6.056s] INFO:colcon.colcon_core.shell:Creating package script '/home/tel/robot_ros/install/TEL/share/TEL/package.sh'
[6.059s] INFO:colcon.colcon_core.shell:Creating package script '/home/tel/robot_ros/install/TEL/share/TEL/package.bash'
[6.061s] INFO:colcon.colcon_core.shell:Creating package script '/home/tel/robot_ros/install/TEL/share/TEL/package.zsh'
[6.064s] Level 1:colcon.colcon_core.environment:create_file_with_runtime_dependencies(/home/tel/robot_ros/install/TEL/share/colcon-core/packages/TEL)
[6.064s] DEBUG:colcon.colcon_parallel_executor.executor.parallel:closing loop
[6.065s] DEBUG:colcon.colcon_parallel_executor.executor.parallel:loop closed
[6.066s] DEBUG:colcon.colcon_parallel_executor.executor.parallel:run_until_complete finished with '0'
[6.066s] DEBUG:colcon.colcon_core.event_reactor:joining thread
[6.115s] INFO:colcon.colcon_core.plugin_system:Skipping extension 'colcon_notification.desktop_notification.notify_send': Could not find 'notify-send'
[6.115s] INFO:colcon.colcon_core.plugin_system:Skipping extension 'colcon_notification.desktop_notification.terminal_notifier': Not used on non-Darwin systems
[6.116s] INFO:colcon.colcon_core.plugin_system:Skipping extension 'colcon_notification.desktop_notification.win32': Not used on non-Windows systems
[6.116s] INFO:colcon.colcon_notification.desktop_notification:Sending desktop notification using 'notify2'
[6.118s] DEBUG:colcon.colcon_notification.desktop_notification.notify2:Failed to initialize notify2: org.freedesktop.DBus.Error.ServiceUnknown: The name org.freedesktop.Notifications was not provided by any .service files
[6.118s] DEBUG:colcon.colcon_core.event_reactor:joined thread
[6.154s] INFO:colcon.colcon_core.shell:Creating prefix script '/home/tel/robot_ros/install/local_setup.ps1'
[6.157s] INFO:colcon.colcon_core.shell:Creating prefix util module '/home/tel/robot_ros/install/_local_setup_util_ps1.py'
[6.162s] INFO:colcon.colcon_core.shell:Creating prefix chain script '/home/tel/robot_ros/install/setup.ps1'
[6.198s] INFO:colcon.colcon_core.shell:Creating prefix script '/home/tel/robot_ros/install/local_setup.sh'
[6.200s] INFO:colcon.colcon_core.shell:Creating prefix util module '/home/tel/robot_ros/install/_local_setup_util_sh.py'
[6.201s] INFO:colcon.colcon_core.shell:Creating prefix chain script '/home/tel/robot_ros/install/setup.sh'
[6.235s] INFO:colcon.colcon_core.shell:Creating prefix script '/home/tel/robot_ros/install/local_setup.bash'
[6.236s] INFO:colcon.colcon_core.shell:Creating prefix chain script '/home/tel/robot_ros/install/setup.bash'
[6.270s] INFO:colcon.colcon_core.shell:Creating prefix script '/home/tel/robot_ros/install/local_setup.zsh'
[6.273s] INFO:colcon.colcon_core.shell:Creating prefix chain script '/home/tel/robot_ros/install/setup.zsh'
