[2.069s] Invoking command in '/home/tel/robot_ros/src/TEL': PYTHONPATH=/home/tel/robot_ros/build/TEL/prefix_override:/home/tel/robot_ros/install/TEL/lib/python3.10/site-packages: /usr/bin/python3 setup.py egg_info --egg-base ../../build/TEL build --build-base /home/tel/robot_ros/build/TEL/build install --record /home/tel/robot_ros/build/TEL/install.log --single-version-externally-managed
[2.742s] running egg_info
[2.743s] writing ../../build/TEL/TEL.egg-info/PKG-INFO
[2.744s] writing dependency_links to ../../build/TEL/TEL.egg-info/dependency_links.txt
[2.745s] writing entry points to ../../build/TEL/TEL.egg-info/entry_points.txt
[2.746s] writing requirements to ../../build/TEL/TEL.egg-info/requires.txt
[2.746s] writing top-level names to ../../build/TEL/TEL.egg-info/top_level.txt
[2.754s] reading manifest file '../../build/TEL/TEL.egg-info/SOURCES.txt'
[2.758s] writing manifest file '../../build/TEL/TEL.egg-info/SOURCES.txt'
[2.758s] running build
[2.759s] running build_py
[2.764s] copying TEL/server/server.py -> /home/tel/robot_ros/build/TEL/build/lib/TEL/server
[2.769s] running install
[2.770s] /usr/lib/python3/dist-packages/setuptools/command/install.py:34: SetuptoolsDeprecationWarning: setup.py install is deprecated. Use build and pip and other standards-based tools.
[2.770s]   warnings.warn(
[2.771s] running install_lib
[2.776s] copying /home/tel/robot_ros/build/TEL/build/lib/TEL/server/server.py -> /home/tel/robot_ros/install/TEL/lib/python3.10/site-packages/TEL/server
[2.780s] byte-compiling /home/tel/robot_ros/install/TEL/lib/python3.10/site-packages/TEL/server/server.py to server.cpython-310.pyc
[2.783s] byte-compiling /home/tel/robot_ros/install/TEL/lib/python3.10/site-packages/TEL/shooter_CIM_test_pub.py to shooter_CIM_test_pub.cpython-310.pyc
[2.784s] Sorry: IndentationError: unexpected indent (shooter_CIM_test_pub.py, line 34)
[2.784s] running install_data
[2.785s] running install_egg_info
[2.790s] removing '/home/tel/robot_ros/install/TEL/lib/python3.10/site-packages/TEL-0.0.0-py3.10.egg-info' (and everything under it)
[2.791s] Copying ../../build/TEL/TEL.egg-info to /home/tel/robot_ros/install/TEL/lib/python3.10/site-packages/TEL-0.0.0-py3.10.egg-info
[2.794s] running install_scripts
[2.856s] Installing bottom_linear_sub script to /home/tel/robot_ros/install/TEL/lib/TEL
[2.857s] Installing bottom_linear_test_pub script to /home/tel/robot_ros/install/TEL/lib/TEL
[2.858s] Installing camera_servo_sub script to /home/tel/robot_ros/install/TEL/lib/TEL
[2.858s] Installing camera_servo_test_pub script to /home/tel/robot_ros/install/TEL/lib/TEL
[2.859s] Installing load1_servo_sub script to /home/tel/robot_ros/install/TEL/lib/TEL
[2.860s] Installing load1_servo_test_pub script to /home/tel/robot_ros/install/TEL/lib/TEL
[2.860s] Installing server script to /home/tel/robot_ros/install/TEL/lib/TEL
[2.861s] Installing shooter_CIM_sub script to /home/tel/robot_ros/install/TEL/lib/TEL
[2.862s] Installing shooter_CIM_test_pub script to /home/tel/robot_ros/install/TEL/lib/TEL
[2.863s] Installing shooter_servo_sub script to /home/tel/robot_ros/install/TEL/lib/TEL
[2.863s] Installing shooter_servo_test_pub script to /home/tel/robot_ros/install/TEL/lib/TEL
[2.864s] Installing stepper_sub script to /home/tel/robot_ros/install/TEL/lib/TEL
[2.864s] Installing stepper_test_pub script to /home/tel/robot_ros/install/TEL/lib/TEL
[2.865s] Installing up_linear_sub script to /home/tel/robot_ros/install/TEL/lib/TEL
[2.865s] Installing up_linear_test_pub script to /home/tel/robot_ros/install/TEL/lib/TEL
[2.866s] Installing wheel_sub script to /home/tel/robot_ros/install/TEL/lib/TEL
[2.867s] Installing wheel_test_pub script to /home/tel/robot_ros/install/TEL/lib/TEL
[2.870s] writing list of installed files to '/home/tel/robot_ros/build/TEL/install.log'
[2.956s] Invoked command in '/home/tel/robot_ros/src/TEL' returned '0': PYTHONPATH=/home/tel/robot_ros/build/TEL/prefix_override:/home/tel/robot_ros/install/TEL/lib/python3.10/site-packages: /usr/bin/python3 setup.py egg_info --egg-base ../../build/TEL build --build-base /home/tel/robot_ros/build/TEL/build install --record /home/tel/robot_ros/build/TEL/install.log --single-version-externally-managed
